2023-08-21 21:27:22.716 [info] Reading sessions from keychain...
2023-08-21 21:27:22.716 [info] Getting sessions for all scopes...
2023-08-21 21:27:22.716 [info] Got stored sessions!
2023-08-21 21:27:22.716 [info] Got 1 verified sessions.
2023-08-21 21:27:22.716 [info] Got 1 sessions for ...
2023-08-21 21:27:22.716 [info] Getting sessions for user:email...
2023-08-21 21:27:22.716 [info] Got 1 sessions for user:email...
2023-08-21 21:27:22.716 [info] Getting sessions for all scopes...
2023-08-21 21:27:22.716 [info] Got 1 sessions for ...
2023-08-21 21:27:22.716 [info] Getting sessions for user:email...
2023-08-21 21:27:22.716 [info] Got 1 sessions for user:email...
2023-08-21 21:27:22.716 [info] Getting sessions for read:user...
2023-08-21 21:27:22.716 [info] Got 0 sessions for read:user...
2023-08-21 21:27:22.723 [info] Getting sessions for user:email...
2023-08-21 21:27:22.723 [info] Got 1 sessions for user:email...
2023-08-21 21:27:22.985 [info] Getting sessions for all scopes...
2023-08-21 21:27:22.985 [info] Got 1 sessions for ...
2023-08-21 21:27:23.727 [info] Getting sessions for user:email...
2023-08-21 21:27:23.728 [info] Got 1 sessions for user:email...
2023-08-21 21:52:23.706 [info] Getting sessions for user:email...
2023-08-21 21:52:23.706 [info] Got 1 sessions for user:email...
2023-08-21 21:52:23.856 [info] Getting sessions for read:user...
2023-08-21 21:52:23.857 [info] Got 0 sessions for read:user...
2023-08-21 21:52:23.858 [info] Getting sessions for user:email...
2023-08-21 21:52:23.858 [info] Got 1 sessions for user:email...
2023-08-21 21:52:24.639 [info] Getting sessions for user:email...
2023-08-21 21:52:24.639 [info] Got 1 sessions for user:email...
2023-08-21 22:17:24.675 [info] Getting sessions for user:email...
2023-08-21 22:17:24.675 [info] Got 1 sessions for user:email...
2023-08-21 22:17:24.676 [info] Getting sessions for read:user...
2023-08-21 22:17:24.676 [info] Got 0 sessions for read:user...
2023-08-21 22:17:24.686 [info] Getting sessions for user:email...
2023-08-21 22:17:24.686 [info] Got 1 sessions for user:email...
2023-08-21 22:17:25.550 [info] Getting sessions for user:email...
2023-08-21 22:17:25.550 [info] Got 1 sessions for user:email...
