2023-08-17 16:27:25.548 [info] Reading sessions from keychain...
2023-08-17 16:27:25.548 [info] Getting sessions for all scopes...
2023-08-17 16:27:25.548 [info] Getting sessions for user:email...
2023-08-17 16:27:25.548 [info] Got stored sessions!
2023-08-17 16:27:25.548 [info] Got 1 verified sessions.
2023-08-17 16:27:25.548 [info] Got 1 sessions for ...
2023-08-17 16:27:25.548 [info] Got 1 sessions for user:email...
2023-08-17 16:27:25.548 [info] Getting sessions for all scopes...
2023-08-17 16:27:25.548 [info] Got 1 sessions for ...
2023-08-17 16:27:25.548 [info] Getting sessions for user:email...
2023-08-17 16:27:25.548 [info] Got 1 sessions for user:email...
2023-08-17 16:27:26.042 [info] Getting sessions for read:user...
2023-08-17 16:27:26.043 [info] Got 0 sessions for read:user...
2023-08-17 16:27:26.043 [info] Getting sessions for all scopes...
2023-08-17 16:27:26.043 [info] Got 1 sessions for ...
2023-08-17 16:27:26.061 [info] Getting sessions for user:email...
2023-08-17 16:27:26.062 [info] Got 1 sessions for user:email...
2023-08-17 16:27:26.643 [info] Getting sessions for user:email...
2023-08-17 16:27:26.643 [info] Got 1 sessions for user:email...
2023-08-17 16:52:26.656 [info] Getting sessions for user:email...
2023-08-17 16:52:26.656 [info] Got 1 sessions for user:email...
2023-08-17 16:52:26.656 [info] Getting sessions for read:user...
2023-08-17 16:52:26.656 [info] Got 0 sessions for read:user...
2023-08-17 16:52:26.671 [info] Getting sessions for user:email...
2023-08-17 16:52:26.671 [info] Got 1 sessions for user:email...
2023-08-17 16:52:27.211 [info] Getting sessions for user:email...
2023-08-17 16:52:27.211 [info] Got 1 sessions for user:email...
2023-08-17 17:17:27.236 [info] Getting sessions for read:user...
2023-08-17 17:17:27.237 [info] Got 0 sessions for read:user...
2023-08-17 17:17:27.237 [info] Getting sessions for user:email...
2023-08-17 17:17:27.237 [info] Got 1 sessions for user:email...
2023-08-17 17:17:27.254 [info] Getting sessions for user:email...
2023-08-17 17:17:27.254 [info] Got 1 sessions for user:email...
2023-08-17 17:17:27.779 [info] Getting sessions for user:email...
2023-08-17 17:17:27.779 [info] Got 1 sessions for user:email...
2023-08-17 17:42:27.834 [info] Getting sessions for read:user...
2023-08-17 17:42:27.834 [info] Got 0 sessions for read:user...
2023-08-17 17:42:27.834 [info] Getting sessions for user:email...
2023-08-17 17:42:27.835 [info] Got 1 sessions for user:email...
2023-08-17 17:42:27.865 [info] Getting sessions for user:email...
2023-08-17 17:42:27.865 [info] Got 1 sessions for user:email...
2023-08-17 17:42:28.418 [info] Getting sessions for user:email...
2023-08-17 17:42:28.418 [info] Got 1 sessions for user:email...
2023-08-17 18:07:28.416 [info] Getting sessions for read:user...
2023-08-17 18:07:28.416 [info] Got 0 sessions for read:user...
2023-08-17 18:07:28.418 [info] Getting sessions for user:email...
2023-08-17 18:07:28.419 [info] Got 1 sessions for user:email...
2023-08-17 18:07:28.419 [info] Getting sessions for user:email...
2023-08-17 18:07:28.419 [info] Got 1 sessions for user:email...
2023-08-17 18:07:28.956 [info] Getting sessions for user:email...
2023-08-17 18:07:28.957 [info] Got 1 sessions for user:email...
2023-08-17 18:32:29.009 [info] Getting sessions for read:user...
2023-08-17 18:32:29.010 [info] Got 0 sessions for read:user...
2023-08-17 18:32:29.010 [info] Getting sessions for user:email...
2023-08-17 18:32:29.010 [info] Got 1 sessions for user:email...
2023-08-17 18:32:29.030 [info] Getting sessions for user:email...
2023-08-17 18:32:29.030 [info] Got 1 sessions for user:email...
2023-08-17 18:32:29.555 [info] Getting sessions for user:email...
2023-08-17 18:32:29.555 [info] Got 1 sessions for user:email...
2023-08-17 18:57:29.560 [info] Getting sessions for read:user...
2023-08-17 18:57:29.560 [info] Got 0 sessions for read:user...
2023-08-17 18:57:29.564 [info] Getting sessions for user:email...
2023-08-17 18:57:29.564 [info] Got 1 sessions for user:email...
2023-08-17 18:57:29.577 [info] Getting sessions for user:email...
2023-08-17 18:57:29.577 [info] Got 1 sessions for user:email...
2023-08-17 18:57:30.078 [info] Getting sessions for user:email...
2023-08-17 18:57:30.078 [info] Got 1 sessions for user:email...
2023-08-17 19:22:30.145 [info] Getting sessions for user:email...
2023-08-17 19:22:30.145 [info] Got 1 sessions for user:email...
2023-08-17 19:22:30.145 [info] Getting sessions for read:user...
2023-08-17 19:22:30.145 [info] Got 0 sessions for read:user...
2023-08-17 19:22:30.168 [info] Getting sessions for user:email...
2023-08-17 19:22:30.168 [info] Got 1 sessions for user:email...
2023-08-17 19:22:30.694 [info] Getting sessions for user:email...
2023-08-17 19:22:30.694 [info] Got 1 sessions for user:email...
2023-08-17 19:47:30.706 [info] Getting sessions for read:user...
2023-08-17 19:47:30.706 [info] Got 0 sessions for read:user...
2023-08-17 19:47:30.707 [info] Getting sessions for user:email...
2023-08-17 19:47:30.707 [info] Got 1 sessions for user:email...
2023-08-17 19:47:30.729 [info] Getting sessions for user:email...
2023-08-17 19:47:30.729 [info] Got 1 sessions for user:email...
2023-08-17 19:47:31.233 [info] Getting sessions for user:email...
2023-08-17 19:47:31.233 [info] Got 1 sessions for user:email...
2023-08-17 20:12:31.261 [info] Getting sessions for read:user...
2023-08-17 20:12:31.261 [info] Got 0 sessions for read:user...
2023-08-17 20:12:31.261 [info] Getting sessions for user:email...
2023-08-17 20:12:31.261 [info] Got 1 sessions for user:email...
2023-08-17 20:12:31.275 [info] Getting sessions for user:email...
2023-08-17 20:12:31.275 [info] Got 1 sessions for user:email...
2023-08-17 20:12:31.812 [info] Getting sessions for user:email...
2023-08-17 20:12:31.812 [info] Got 1 sessions for user:email...
2023-08-17 20:37:31.793 [info] Getting sessions for read:user...
2023-08-17 20:37:31.794 [info] Got 0 sessions for read:user...
2023-08-17 20:37:31.796 [info] Getting sessions for user:email...
2023-08-17 20:37:31.797 [info] Got 1 sessions for user:email...
2023-08-17 20:37:31.818 [info] Getting sessions for user:email...
2023-08-17 20:37:31.819 [info] Got 1 sessions for user:email...
2023-08-17 20:37:32.745 [info] Getting sessions for user:email...
2023-08-17 20:37:32.745 [info] Got 1 sessions for user:email...
