2023-08-13 15:12:57.002 [info] Reading sessions from keychain...
2023-08-13 15:12:57.002 [info] Getting sessions for all scopes...
2023-08-13 15:12:57.002 [info] Getting sessions for user:email...
2023-08-13 15:12:57.002 [info] Got stored sessions!
2023-08-13 15:12:57.002 [info] Got 1 verified sessions.
2023-08-13 15:12:57.002 [info] Got 1 sessions for ...
2023-08-13 15:12:57.002 [info] Got 1 sessions for user:email...
2023-08-13 15:12:57.243 [info] Getting sessions for user:email...
2023-08-13 15:12:57.243 [info] Got 1 sessions for user:email...
2023-08-13 15:12:57.244 [info] Getting sessions for read:user...
2023-08-13 15:12:57.244 [info] Got 0 sessions for read:user...
2023-08-13 15:12:57.889 [info] Getting sessions for user:email...
2023-08-13 15:12:57.889 [info] Got 1 sessions for user:email...
2023-08-13 15:12:58.226 [info] Getting sessions for all scopes...
2023-08-13 15:12:58.227 [info] Got 1 sessions for ...
2023-08-13 15:12:58.406 [info] Getting sessions for user:email...
2023-08-13 15:12:58.406 [info] Got 1 sessions for user:email...
2023-08-13 15:13:29.284 [info] Reading sessions from keychain...
2023-08-13 15:13:29.285 [info] Getting sessions for all scopes...
2023-08-13 15:13:29.285 [info] Getting sessions for user:email...
2023-08-13 15:13:29.285 [info] Got stored sessions!
2023-08-13 15:13:29.285 [info] Got 1 verified sessions.
2023-08-13 15:13:29.285 [info] Got 1 sessions for ...
2023-08-13 15:13:29.285 [info] Got 1 sessions for user:email...
2023-08-13 15:13:29.363 [info] Getting sessions for user:email...
2023-08-13 15:13:29.363 [info] Got 1 sessions for user:email...
2023-08-13 15:13:29.442 [info] Getting sessions for read:user...
2023-08-13 15:13:29.442 [info] Got 0 sessions for read:user...
2023-08-13 15:13:29.646 [info] Getting sessions for all scopes...
2023-08-13 15:13:29.646 [info] Got 1 sessions for ...
2023-08-13 15:13:29.647 [info] Getting sessions for user:email...
2023-08-13 15:13:29.648 [info] Got 1 sessions for user:email...
2023-08-13 15:13:29.657 [info] Getting sessions for all scopes...
2023-08-13 15:13:29.657 [info] Got 1 sessions for ...
2023-08-13 15:13:30.234 [info] Getting sessions for user:email...
2023-08-13 15:13:30.234 [info] Got 1 sessions for user:email...
2023-08-13 15:14:32.470 [info] Reading sessions from keychain...
2023-08-13 15:14:32.470 [info] Getting sessions for all scopes...
2023-08-13 15:14:32.471 [info] Got stored sessions!
2023-08-13 15:14:32.471 [info] Got 1 verified sessions.
2023-08-13 15:14:32.471 [info] Got 1 sessions for ...
2023-08-13 15:14:32.471 [info] Getting sessions for user:email...
2023-08-13 15:14:32.471 [info] Got 1 sessions for user:email...
2023-08-13 15:14:32.861 [info] Getting sessions for user:email...
2023-08-13 15:14:32.861 [info] Got 1 sessions for user:email...
2023-08-13 15:14:32.967 [info] Getting sessions for all scopes...
2023-08-13 15:14:32.967 [info] Got 1 sessions for ...
2023-08-13 15:14:33.029 [info] Getting sessions for read:user...
2023-08-13 15:14:33.029 [info] Got 0 sessions for read:user...
2023-08-13 15:14:33.180 [info] Getting sessions for all scopes...
2023-08-13 15:14:33.180 [info] Got 1 sessions for ...
2023-08-13 15:14:33.182 [info] Getting sessions for user:email...
2023-08-13 15:14:33.182 [info] Got 1 sessions for user:email...
2023-08-13 15:14:33.784 [info] Getting sessions for user:email...
2023-08-13 15:14:33.784 [info] Got 1 sessions for user:email...
2023-08-13 15:39:32.815 [info] Getting sessions for user:email...
2023-08-13 15:39:32.816 [info] Got 1 sessions for user:email...
2023-08-13 15:39:32.816 [info] Getting sessions for read:user...
2023-08-13 15:39:32.816 [info] Got 0 sessions for read:user...
2023-08-13 15:39:32.827 [info] Getting sessions for user:email...
2023-08-13 15:39:32.828 [info] Got 1 sessions for user:email...
2023-08-13 15:39:33.307 [info] Getting sessions for user:email...
2023-08-13 15:39:33.307 [info] Got 1 sessions for user:email...
2023-08-13 21:14:25.699 [info] Getting sessions for read:user...
2023-08-13 21:14:25.699 [info] Got 0 sessions for read:user...
2023-08-13 21:14:25.702 [info] Getting sessions for user:email...
2023-08-13 21:14:25.702 [info] Got 1 sessions for user:email...
2023-08-13 21:14:25.715 [info] Getting sessions for user:email...
2023-08-13 21:14:25.715 [info] Got 1 sessions for user:email...
2023-08-13 21:14:26.190 [info] Getting sessions for user:email...
2023-08-13 21:14:26.190 [info] Got 1 sessions for user:email...
2023-08-13 21:39:25.300 [info] Getting sessions for user:email...
2023-08-13 21:39:25.300 [info] Got 1 sessions for user:email...
2023-08-13 21:39:25.312 [info] Getting sessions for read:user...
2023-08-13 21:39:25.312 [info] Got 0 sessions for read:user...
2023-08-13 21:39:25.315 [info] Getting sessions for user:email...
2023-08-13 21:39:25.315 [info] Got 1 sessions for user:email...
2023-08-13 21:39:25.871 [info] Getting sessions for user:email...
2023-08-13 21:39:25.871 [info] Got 1 sessions for user:email...
2023-08-13 22:04:25.875 [info] Getting sessions for user:email...
2023-08-13 22:04:25.875 [info] Got 1 sessions for user:email...
2023-08-13 22:04:25.886 [info] Getting sessions for read:user...
2023-08-13 22:04:25.886 [info] Got 0 sessions for read:user...
2023-08-13 22:04:25.888 [info] Getting sessions for user:email...
2023-08-13 22:04:25.888 [info] Got 1 sessions for user:email...
2023-08-13 22:04:26.384 [info] Getting sessions for user:email...
2023-08-13 22:04:26.384 [info] Got 1 sessions for user:email...
2023-08-13 22:29:34.245 [info] Getting sessions for user:email...
2023-08-13 22:29:34.245 [info] Got 1 sessions for user:email...
2023-08-13 22:29:34.256 [info] Getting sessions for read:user...
2023-08-13 22:29:34.256 [info] Got 0 sessions for read:user...
2023-08-13 22:29:34.258 [info] Getting sessions for user:email...
2023-08-13 22:29:34.259 [info] Got 1 sessions for user:email...
2023-08-13 22:29:34.759 [info] Getting sessions for user:email...
2023-08-13 22:29:34.759 [info] Got 1 sessions for user:email...
