2023-08-13 15:12:55.195 [info] Log level: Info
2023-08-13 15:12:55.195 [info] Validating found git in: "git"
2023-08-13 15:12:55.195 [info] Using git "2.41.0" from "git"
2023-08-13 15:12:55.195 [info] > git rev-parse --show-toplevel [3ms]
2023-08-13 15:12:55.195 [info] fatal: not a git repository (or any parent up to mount point /)
Stopping at filesystem boundary (GIT_DISCOVERY_ACROSS_FILESYSTEM not set).
2023-08-13 15:12:55.195 [info] > git rev-parse --show-toplevel [6ms]
2023-08-13 15:12:55.195 [info] fatal: not a git repository (or any parent up to mount point /)
Stopping at filesystem boundary (GIT_DISCOVERY_ACROSS_FILESYSTEM not set).
2023-08-13 15:12:55.206 [info] > git rev-parse --show-toplevel [2ms]
2023-08-13 15:12:55.206 [info] fatal: not a git repository (or any parent up to mount point /)
Stopping at filesystem boundary (GIT_DISCOVERY_ACROSS_FILESYSTEM not set).
2023-08-13 15:12:56.669 [info] > git rev-parse --show-toplevel [136ms]
2023-08-13 15:12:56.669 [info] fatal: not a git repository (or any parent up to mount point /)
Stopping at filesystem boundary (GIT_DISCOVERY_ACROSS_FILESYSTEM not set).
2023-08-13 15:12:56.786 [info] > git rev-parse --show-toplevel [88ms]
2023-08-13 15:12:56.786 [info] fatal: not a git repository (or any parent up to mount point /)
Stopping at filesystem boundary (GIT_DISCOVERY_ACROSS_FILESYSTEM not set).
2023-08-13 15:12:56.888 [info] > git rev-parse --show-toplevel [21ms]
2023-08-13 15:12:56.888 [info] fatal: not a git repository (or any parent up to mount point /)
Stopping at filesystem boundary (GIT_DISCOVERY_ACROSS_FILESYSTEM not set).
2023-08-13 15:12:57.001 [info] > git rev-parse --show-toplevel [65ms]
2023-08-13 15:12:57.001 [info] fatal: not a git repository (or any parent up to mount point /)
Stopping at filesystem boundary (GIT_DISCOVERY_ACROSS_FILESYSTEM not set).
2023-08-13 15:12:57.028 [info] > git rev-parse --show-toplevel [5ms]
2023-08-13 15:12:57.028 [info] fatal: not a git repository (or any parent up to mount point /)
Stopping at filesystem boundary (GIT_DISCOVERY_ACROSS_FILESYSTEM not set).
2023-08-13 15:12:57.710 [info] > git rev-parse --show-toplevel [30ms]
2023-08-13 15:12:57.710 [info] fatal: not a git repository (or any parent up to mount point /)
Stopping at filesystem boundary (GIT_DISCOVERY_ACROSS_FILESYSTEM not set).
2023-08-13 15:13:01.954 [info] > git rev-parse --show-toplevel [2ms]
2023-08-13 15:13:01.954 [info] fatal: not a git repository (or any parent up to mount point /)
Stopping at filesystem boundary (GIT_DISCOVERY_ACROSS_FILESYSTEM not set).
2023-08-13 15:13:27.203 [info] Log level: Info
2023-08-13 15:13:27.203 [info] Validating found git in: "git"
2023-08-13 15:13:27.203 [info] Using git "2.41.0" from "git"
2023-08-13 15:13:27.203 [info] > git rev-parse --show-toplevel [3ms]
2023-08-13 15:13:27.203 [info] fatal: not a git repository (or any parent up to mount point /)
Stopping at filesystem boundary (GIT_DISCOVERY_ACROSS_FILESYSTEM not set).
2023-08-13 15:13:27.205 [info] > git rev-parse --show-toplevel [2ms]
2023-08-13 15:13:27.205 [info] fatal: not a git repository (or any parent up to mount point /)
Stopping at filesystem boundary (GIT_DISCOVERY_ACROSS_FILESYSTEM not set).
2023-08-13 15:13:27.219 [info] > git rev-parse --show-toplevel [3ms]
2023-08-13 15:13:27.219 [info] fatal: not a git repository (or any parent up to mount point /)
Stopping at filesystem boundary (GIT_DISCOVERY_ACROSS_FILESYSTEM not set).
2023-08-13 15:13:28.649 [info] > git rev-parse --show-toplevel [116ms]
2023-08-13 15:13:28.649 [info] fatal: not a git repository (or any parent up to mount point /)
Stopping at filesystem boundary (GIT_DISCOVERY_ACROSS_FILESYSTEM not set).
2023-08-13 15:13:28.675 [info] > git rev-parse --show-toplevel [2ms]
2023-08-13 15:13:28.675 [info] fatal: not a git repository (or any parent up to mount point /)
Stopping at filesystem boundary (GIT_DISCOVERY_ACROSS_FILESYSTEM not set).
2023-08-13 15:13:28.707 [info] > git rev-parse --show-toplevel [15ms]
2023-08-13 15:13:28.707 [info] fatal: not a git repository (or any parent up to mount point /)
Stopping at filesystem boundary (GIT_DISCOVERY_ACROSS_FILESYSTEM not set).
2023-08-13 15:13:28.729 [info] > git rev-parse --show-toplevel [3ms]
2023-08-13 15:13:28.729 [info] fatal: not a git repository (or any parent up to mount point /)
Stopping at filesystem boundary (GIT_DISCOVERY_ACROSS_FILESYSTEM not set).
2023-08-13 15:13:28.756 [info] > git rev-parse --show-toplevel [5ms]
2023-08-13 15:13:28.756 [info] fatal: not a git repository (or any parent up to mount point /)
Stopping at filesystem boundary (GIT_DISCOVERY_ACROSS_FILESYSTEM not set).
2023-08-13 15:14:02.323 [info] > git rev-parse --show-toplevel [5ms]
2023-08-13 15:14:02.324 [info] fatal: not a git repository (or any parent up to mount point /)
Stopping at filesystem boundary (GIT_DISCOVERY_ACROSS_FILESYSTEM not set).
2023-08-13 15:14:31.011 [info] Log level: Info
2023-08-13 15:14:31.011 [info] Validating found git in: "git"
2023-08-13 15:14:31.011 [info] Using git "2.41.0" from "git"
2023-08-13 15:14:31.016 [info] > git rev-parse --show-toplevel [46ms]
2023-08-13 15:14:31.016 [info] fatal: not a git repository (or any parent up to mount point /)
Stopping at filesystem boundary (GIT_DISCOVERY_ACROSS_FILESYSTEM not set).
2023-08-13 15:14:31.164 [info] > git rev-parse --show-toplevel [74ms]
2023-08-13 15:14:31.164 [info] fatal: not a git repository (or any parent up to mount point /)
Stopping at filesystem boundary (GIT_DISCOVERY_ACROSS_FILESYSTEM not set).
2023-08-13 15:14:31.237 [info] > git rev-parse --show-toplevel [22ms]
2023-08-13 15:14:31.237 [info] fatal: not a git repository (or any parent up to mount point /)
Stopping at filesystem boundary (GIT_DISCOVERY_ACROSS_FILESYSTEM not set).
2023-08-13 15:14:31.567 [info] > git rev-parse --show-toplevel [270ms]
2023-08-13 15:14:31.567 [info] fatal: not a git repository (or any parent up to mount point /)
Stopping at filesystem boundary (GIT_DISCOVERY_ACROSS_FILESYSTEM not set).
2023-08-13 15:14:32.427 [info] > git rev-parse --show-toplevel [688ms]
2023-08-13 15:14:32.427 [info] fatal: not a git repository (or any parent up to mount point /)
Stopping at filesystem boundary (GIT_DISCOVERY_ACROSS_FILESYSTEM not set).
2023-08-13 15:14:32.475 [info] > git rev-parse --show-toplevel [11ms]
2023-08-13 15:14:32.475 [info] fatal: not a git repository (or any parent up to mount point /)
Stopping at filesystem boundary (GIT_DISCOVERY_ACROSS_FILESYSTEM not set).
2023-08-13 15:14:32.507 [info] > git rev-parse --show-toplevel [7ms]
2023-08-13 15:14:32.507 [info] fatal: not a git repository (or any parent up to mount point /)
Stopping at filesystem boundary (GIT_DISCOVERY_ACROSS_FILESYSTEM not set).
2023-08-13 15:14:34.863 [info] > git rev-parse --show-toplevel [15ms]
2023-08-13 15:14:34.863 [info] fatal: not a git repository (or any parent up to mount point /)
Stopping at filesystem boundary (GIT_DISCOVERY_ACROSS_FILESYSTEM not set).
2023-08-13 15:14:36.513 [info] > git rev-parse --show-toplevel [18ms]
2023-08-13 15:14:36.513 [info] fatal: not a git repository (or any parent up to mount point /)
Stopping at filesystem boundary (GIT_DISCOVERY_ACROSS_FILESYSTEM not set).
2023-08-13 15:14:39.172 [info] > git rev-parse --show-toplevel [37ms]
2023-08-13 15:14:39.172 [info] fatal: not a git repository (or any parent up to mount point /)
Stopping at filesystem boundary (GIT_DISCOVERY_ACROSS_FILESYSTEM not set).
2023-08-13 15:14:43.553 [info] > git rev-parse --show-toplevel [11ms]
2023-08-13 15:14:43.553 [info] fatal: not a git repository (or any parent up to mount point /)
Stopping at filesystem boundary (GIT_DISCOVERY_ACROSS_FILESYSTEM not set).
2023-08-13 15:14:44.641 [info] > git rev-parse --show-toplevel [24ms]
2023-08-13 15:14:44.641 [info] fatal: not a git repository (or any parent up to mount point /)
Stopping at filesystem boundary (GIT_DISCOVERY_ACROSS_FILESYSTEM not set).
2023-08-13 15:14:45.520 [info] > git rev-parse --show-toplevel [14ms]
2023-08-13 15:14:45.520 [info] fatal: not a git repository (or any parent up to mount point /)
Stopping at filesystem boundary (GIT_DISCOVERY_ACROSS_FILESYSTEM not set).
2023-08-13 15:14:46.604 [info] > git rev-parse --show-toplevel [19ms]
2023-08-13 15:14:46.604 [info] fatal: not a git repository (or any parent up to mount point /)
Stopping at filesystem boundary (GIT_DISCOVERY_ACROSS_FILESYSTEM not set).
2023-08-13 15:14:47.070 [info] > git rev-parse --show-toplevel [32ms]
2023-08-13 15:14:47.071 [info] fatal: not a git repository (or any parent up to mount point /)
Stopping at filesystem boundary (GIT_DISCOVERY_ACROSS_FILESYSTEM not set).
2023-08-13 15:14:47.929 [info] > git rev-parse --show-toplevel [14ms]
2023-08-13 15:14:47.929 [info] fatal: not a git repository (or any parent up to mount point /)
Stopping at filesystem boundary (GIT_DISCOVERY_ACROSS_FILESYSTEM not set).
2023-08-13 15:14:48.372 [info] > git rev-parse --show-toplevel [8ms]
2023-08-13 15:14:48.372 [info] fatal: not a git repository (or any parent up to mount point /)
Stopping at filesystem boundary (GIT_DISCOVERY_ACROSS_FILESYSTEM not set).
2023-08-13 15:14:48.605 [info] > git rev-parse --show-toplevel [43ms]
2023-08-13 15:14:48.605 [info] fatal: not a git repository (or any parent up to mount point /)
Stopping at filesystem boundary (GIT_DISCOVERY_ACROSS_FILESYSTEM not set).
2023-08-13 15:14:48.880 [info] > git rev-parse --show-toplevel [5ms]
2023-08-13 15:14:48.880 [info] fatal: not a git repository (or any parent up to mount point /)
Stopping at filesystem boundary (GIT_DISCOVERY_ACROSS_FILESYSTEM not set).
2023-08-13 15:14:49.950 [info] > git rev-parse --show-toplevel [27ms]
2023-08-13 15:14:49.950 [info] fatal: not a git repository (or any parent up to mount point /)
Stopping at filesystem boundary (GIT_DISCOVERY_ACROSS_FILESYSTEM not set).
2023-08-13 15:14:51.104 [info] > git rev-parse --show-toplevel [9ms]
2023-08-13 15:14:51.104 [info] fatal: not a git repository (or any parent up to mount point /)
Stopping at filesystem boundary (GIT_DISCOVERY_ACROSS_FILESYSTEM not set).
2023-08-13 15:15:22.629 [info] > git rev-parse --show-toplevel [9ms]
2023-08-13 15:15:22.629 [info] fatal: not a git repository (or any parent up to mount point /)
Stopping at filesystem boundary (GIT_DISCOVERY_ACROSS_FILESYSTEM not set).
2023-08-13 15:15:23.203 [info] > git rev-parse --show-toplevel [16ms]
2023-08-13 15:15:23.203 [info] fatal: not a git repository (or any parent up to mount point /)
Stopping at filesystem boundary (GIT_DISCOVERY_ACROSS_FILESYSTEM not set).
2023-08-13 15:15:25.958 [info] > git rev-parse --show-toplevel [5ms]
2023-08-13 15:15:25.958 [info] fatal: not a git repository (or any parent up to mount point /)
Stopping at filesystem boundary (GIT_DISCOVERY_ACROSS_FILESYSTEM not set).
2023-08-13 15:15:26.509 [info] > git rev-parse --show-toplevel [15ms]
2023-08-13 15:15:26.509 [info] fatal: not a git repository (or any parent up to mount point /)
Stopping at filesystem boundary (GIT_DISCOVERY_ACROSS_FILESYSTEM not set).
2023-08-13 15:15:27.521 [info] > git rev-parse --show-toplevel [11ms]
2023-08-13 15:15:27.521 [info] fatal: not a git repository (or any parent up to mount point /)
Stopping at filesystem boundary (GIT_DISCOVERY_ACROSS_FILESYSTEM not set).
