2023-08-15 20:11:39.896 [info] Log level: Info
2023-08-15 20:11:39.896 [info] Validating found git in: "git"
2023-08-15 20:11:39.896 [info] Using git "2.41.0" from "git"
2023-08-15 20:11:39.896 [info] > git rev-parse --show-toplevel [5ms]
2023-08-15 20:11:39.896 [info] fatal: not a git repository (or any parent up to mount point /)
Stopping at filesystem boundary (GIT_DISCOVERY_ACROSS_FILESYSTEM not set).
2023-08-15 20:11:39.896 [info] > git rev-parse --show-toplevel [22ms]
2023-08-15 20:11:39.896 [info] fatal: not a git repository (or any parent up to mount point /)
Stopping at filesystem boundary (GIT_DISCOVERY_ACROSS_FILESYSTEM not set).
2023-08-15 20:11:39.896 [info] > git rev-parse --show-toplevel [4ms]
2023-08-15 20:11:39.896 [info] fatal: not a git repository (or any parent up to mount point /)
Stopping at filesystem boundary (GIT_DISCOVERY_ACROSS_FILESYSTEM not set).
2023-08-15 20:11:39.973 [info] > git rev-parse --show-toplevel [63ms]
2023-08-15 20:11:39.973 [info] fatal: not a git repository (or any parent up to mount point /)
Stopping at filesystem boundary (GIT_DISCOVERY_ACROSS_FILESYSTEM not set).
2023-08-15 20:12:02.304 [info] Log level: Info
2023-08-15 20:12:02.304 [info] Validating found git in: "git"
2023-08-15 20:12:02.304 [info] Using git "2.41.0" from "git"
2023-08-15 20:12:02.304 [info] > git rev-parse --show-toplevel [20ms]
2023-08-15 20:12:02.304 [info] fatal: not a git repository (or any parent up to mount point /)
Stopping at filesystem boundary (GIT_DISCOVERY_ACROSS_FILESYSTEM not set).
2023-08-15 20:12:04.259 [info] > git rev-parse --show-toplevel [71ms]
2023-08-15 20:12:04.259 [info] fatal: not a git repository (or any parent up to mount point /)
Stopping at filesystem boundary (GIT_DISCOVERY_ACROSS_FILESYSTEM not set).
2023-08-15 20:12:11.716 [info] > git rev-parse --show-toplevel [12ms]
2023-08-15 20:12:11.716 [info] fatal: not a git repository (or any parent up to mount point /)
Stopping at filesystem boundary (GIT_DISCOVERY_ACROSS_FILESYSTEM not set).
2023-08-15 20:13:09.079 [info] > git rev-parse --show-toplevel [10ms]
2023-08-15 20:13:09.079 [info] fatal: not a git repository (or any parent up to mount point /)
Stopping at filesystem boundary (GIT_DISCOVERY_ACROSS_FILESYSTEM not set).
2023-08-15 22:01:53.624 [info] > git rev-parse --show-toplevel [9ms]
2023-08-15 22:01:53.624 [info] fatal: not a git repository (or any parent up to mount point /)
Stopping at filesystem boundary (GIT_DISCOVERY_ACROSS_FILESYSTEM not set).
2023-08-15 22:03:52.088 [info] > git rev-parse --show-toplevel [23ms]
2023-08-15 22:03:52.088 [info] fatal: not a git repository (or any parent up to mount point /)
Stopping at filesystem boundary (GIT_DISCOVERY_ACROSS_FILESYSTEM not set).
2023-08-15 22:03:54.444 [info] > git rev-parse --show-toplevel [4ms]
2023-08-15 22:03:54.445 [info] fatal: not a git repository (or any parent up to mount point /)
Stopping at filesystem boundary (GIT_DISCOVERY_ACROSS_FILESYSTEM not set).
2023-08-15 22:03:55.669 [info] > git rev-parse --show-toplevel [6ms]
2023-08-15 22:03:55.670 [info] fatal: not a git repository (or any parent up to mount point /)
Stopping at filesystem boundary (GIT_DISCOVERY_ACROSS_FILESYSTEM not set).
2023-08-15 23:36:57.751 [info] > git rev-parse --show-toplevel [8ms]
2023-08-15 23:36:57.751 [info] fatal: not a git repository (or any parent up to mount point /)
Stopping at filesystem boundary (GIT_DISCOVERY_ACROSS_FILESYSTEM not set).
