2023-08-08T13:18:00.097Z [Modules] Modules initializing
2023-08-08T13:18:00.097Z [Modules] Distribution: remote
2023-08-08T13:18:00.097Z [Modules] Host updates: enabled
2023-08-08T13:18:00.097Z [Modules] Module updates: enabled
2023-08-08T13:18:00.098Z [Modules] Module install path: /home/hydra7/.config/discord/0.0.28/modules
2023-08-08T13:18:00.098Z [Modules] Module installed file path: /home/hydra7/.config/discord/0.0.28/modules/installed.json
2023-08-08T13:18:00.098Z [Modules] Module download path: /home/hydra7/.config/discord/0.0.28/modules/pending
2023-08-08T13:18:00.269Z [Modules] Bootstrapping...
2023-08-08T13:18:00.270Z [Modules] Installing discord_desktop_core@0 from /opt/discord/resources/bootstrap/discord_desktop_core.zip
2023-08-08T13:18:00.272Z [Modules] Failed installing discord_desktop_core@0: Error: ENOENT: no such file or directory, open '/opt/discord/resources/bootstrap/discord_desktop_core.zip'
2023-08-08T13:18:00.273Z [Modules] Installing discord_erlpack@0 from /opt/discord/resources/bootstrap/discord_erlpack.zip
2023-08-08T13:18:00.273Z [Modules] Failed installing discord_erlpack@0: Error: ENOENT: no such file or directory, open '/opt/discord/resources/bootstrap/discord_erlpack.zip'
2023-08-08T13:18:00.274Z [Modules] Installing discord_spellcheck@0 from /opt/discord/resources/bootstrap/discord_spellcheck.zip
2023-08-08T13:18:00.275Z [Modules] Failed installing discord_spellcheck@0: Error: ENOENT: no such file or directory, open '/opt/discord/resources/bootstrap/discord_spellcheck.zip'
2023-08-08T13:18:00.275Z [Modules] Installing discord_utils@0 from /opt/discord/resources/bootstrap/discord_utils.zip
2023-08-08T13:18:00.276Z [Modules] Failed installing discord_utils@0: Error: ENOENT: no such file or directory, open '/opt/discord/resources/bootstrap/discord_utils.zip'
2023-08-08T13:18:00.276Z [Modules] Installing discord_voice@0 from /opt/discord/resources/bootstrap/discord_voice.zip
2023-08-08T13:18:00.276Z [Modules] Failed installing discord_voice@0: Error: ENOENT: no such file or directory, open '/opt/discord/resources/bootstrap/discord_voice.zip'
2023-08-08T13:18:00.277Z [Modules] Finished module installations. [success: 0] [failure: 5]
2023-08-08T13:18:00.277Z [Modules] Checking for host updates.
2023-08-08T13:18:00.660Z [Modules] Host is up to date.
2023-08-08T13:18:00.660Z [Modules] Checking for module updates at https://discord.com/api/modules/stable/versions.json
2023-08-08T13:18:00.739Z [Modules] Module update available: discord_desktop_core@1 [installed: 0]
2023-08-08T13:18:00.740Z [Modules] Module update available: discord_erlpack@1 [installed: 0]
2023-08-08T13:18:00.740Z [Modules] Module update available: discord_spellcheck@1 [installed: 0]
2023-08-08T13:18:00.740Z [Modules] Module update available: discord_utils@2 [installed: 0]
2023-08-08T13:18:00.740Z [Modules] Module update available: discord_voice@2 [installed: 0]
2023-08-08T13:18:00.741Z [Modules] Fetching discord_desktop_core@1 from https://discord.com/api/modules/stable/discord_desktop_core/1
2023-08-08T13:18:00.741Z [Modules] Streaming discord_desktop_core@1 to /home/hydra7/.config/discord/0.0.28/modules/pending/discord_desktop_core-1.zip
2023-08-08T13:18:01.102Z [Modules] Streaming discord_desktop_core@1 to /home/hydra7/.config/discord/0.0.28/modules/pending/discord_desktop_core-1.zip: 1%
2023-08-08T13:18:01.118Z [Modules] Streaming discord_desktop_core@1 to /home/hydra7/.config/discord/0.0.28/modules/pending/discord_desktop_core-1.zip: 4%
2023-08-08T13:18:01.129Z [Modules] Streaming discord_desktop_core@1 to /home/hydra7/.config/discord/0.0.28/modules/pending/discord_desktop_core-1.zip: 7%
2023-08-08T13:18:01.136Z [Modules] Streaming discord_desktop_core@1 to /home/hydra7/.config/discord/0.0.28/modules/pending/discord_desktop_core-1.zip: 11%
2023-08-08T13:18:01.141Z [Modules] Streaming discord_desktop_core@1 to /home/hydra7/.config/discord/0.0.28/modules/pending/discord_desktop_core-1.zip: 14%
2023-08-08T13:18:01.144Z [Modules] Streaming discord_desktop_core@1 to /home/hydra7/.config/discord/0.0.28/modules/pending/discord_desktop_core-1.zip: 17%
2023-08-08T13:18:01.147Z [Modules] Streaming discord_desktop_core@1 to /home/hydra7/.config/discord/0.0.28/modules/pending/discord_desktop_core-1.zip: 20%
2023-08-08T13:18:01.151Z [Modules] Streaming discord_desktop_core@1 to /home/hydra7/.config/discord/0.0.28/modules/pending/discord_desktop_core-1.zip: 24%
2023-08-08T13:18:01.153Z [Modules] Streaming discord_desktop_core@1 to /home/hydra7/.config/discord/0.0.28/modules/pending/discord_desktop_core-1.zip: 27%
2023-08-08T13:18:01.154Z [Modules] Streaming discord_desktop_core@1 to /home/hydra7/.config/discord/0.0.28/modules/pending/discord_desktop_core-1.zip: 28%
2023-08-08T13:18:01.156Z [Modules] Streaming discord_desktop_core@1 to /home/hydra7/.config/discord/0.0.28/modules/pending/discord_desktop_core-1.zip: 31%
2023-08-08T13:18:01.157Z [Modules] Streaming discord_desktop_core@1 to /home/hydra7/.config/discord/0.0.28/modules/pending/discord_desktop_core-1.zip: 32%
2023-08-08T13:18:01.158Z [Modules] Streaming discord_desktop_core@1 to /home/hydra7/.config/discord/0.0.28/modules/pending/discord_desktop_core-1.zip: 36%
2023-08-08T13:18:01.160Z [Modules] Streaming discord_desktop_core@1 to /home/hydra7/.config/discord/0.0.28/modules/pending/discord_desktop_core-1.zip: 39%
2023-08-08T13:18:01.161Z [Modules] Streaming discord_desktop_core@1 to /home/hydra7/.config/discord/0.0.28/modules/pending/discord_desktop_core-1.zip: 42%
2023-08-08T13:18:01.163Z [Modules] Streaming discord_desktop_core@1 to /home/hydra7/.config/discord/0.0.28/modules/pending/discord_desktop_core-1.zip: 45%
2023-08-08T13:18:01.165Z [Modules] Streaming discord_desktop_core@1 to /home/hydra7/.config/discord/0.0.28/modules/pending/discord_desktop_core-1.zip: 48%
2023-08-08T13:18:01.165Z [Modules] Streaming discord_desktop_core@1 to /home/hydra7/.config/discord/0.0.28/modules/pending/discord_desktop_core-1.zip: 50%
2023-08-08T13:18:01.166Z [Modules] Streaming discord_desktop_core@1 to /home/hydra7/.config/discord/0.0.28/modules/pending/discord_desktop_core-1.zip: 53%
2023-08-08T13:18:01.167Z [Modules] Streaming discord_desktop_core@1 to /home/hydra7/.config/discord/0.0.28/modules/pending/discord_desktop_core-1.zip: 55%
2023-08-08T13:18:01.168Z [Modules] Streaming discord_desktop_core@1 to /home/hydra7/.config/discord/0.0.28/modules/pending/discord_desktop_core-1.zip: 58%
2023-08-08T13:18:01.169Z [Modules] Streaming discord_desktop_core@1 to /home/hydra7/.config/discord/0.0.28/modules/pending/discord_desktop_core-1.zip: 60%
2023-08-08T13:18:01.169Z [Modules] Streaming discord_desktop_core@1 to /home/hydra7/.config/discord/0.0.28/modules/pending/discord_desktop_core-1.zip: 63%
2023-08-08T13:18:01.171Z [Modules] Streaming discord_desktop_core@1 to /home/hydra7/.config/discord/0.0.28/modules/pending/discord_desktop_core-1.zip: 66%
2023-08-08T13:18:01.171Z [Modules] Streaming discord_desktop_core@1 to /home/hydra7/.config/discord/0.0.28/modules/pending/discord_desktop_core-1.zip: 69%
2023-08-08T13:18:01.172Z [Modules] Streaming discord_desktop_core@1 to /home/hydra7/.config/discord/0.0.28/modules/pending/discord_desktop_core-1.zip: 72%
2023-08-08T13:18:01.173Z [Modules] Streaming discord_desktop_core@1 to /home/hydra7/.config/discord/0.0.28/modules/pending/discord_desktop_core-1.zip: 75%
2023-08-08T13:18:01.174Z [Modules] Streaming discord_desktop_core@1 to /home/hydra7/.config/discord/0.0.28/modules/pending/discord_desktop_core-1.zip: 81%
2023-08-08T13:18:01.176Z [Modules] Streaming discord_desktop_core@1 to /home/hydra7/.config/discord/0.0.28/modules/pending/discord_desktop_core-1.zip: 84%
2023-08-08T13:18:01.177Z [Modules] Streaming discord_desktop_core@1 to /home/hydra7/.config/discord/0.0.28/modules/pending/discord_desktop_core-1.zip: 90%
2023-08-08T13:18:01.178Z [Modules] Streaming discord_desktop_core@1 to /home/hydra7/.config/discord/0.0.28/modules/pending/discord_desktop_core-1.zip: 94%
2023-08-08T13:18:01.179Z [Modules] Streaming discord_desktop_core@1 to /home/hydra7/.config/discord/0.0.28/modules/pending/discord_desktop_core-1.zip: 99%
2023-08-08T13:18:01.180Z [Modules] Streaming discord_desktop_core@1 to /home/hydra7/.config/discord/0.0.28/modules/pending/discord_desktop_core-1.zip: 100%
2023-08-08T13:18:01.184Z [Modules] Fetching discord_erlpack@1 from https://discord.com/api/modules/stable/discord_erlpack/1
2023-08-08T13:18:01.184Z [Modules] Streaming discord_erlpack@1 to /home/hydra7/.config/discord/0.0.28/modules/pending/discord_erlpack-1.zip
2023-08-08T13:18:01.482Z [Modules] Streaming discord_erlpack@1 to /home/hydra7/.config/discord/0.0.28/modules/pending/discord_erlpack-1.zip: 9%
2023-08-08T13:18:01.521Z [Modules] Streaming discord_erlpack@1 to /home/hydra7/.config/discord/0.0.28/modules/pending/discord_erlpack-1.zip: 13%
2023-08-08T13:18:01.522Z [Modules] Streaming discord_erlpack@1 to /home/hydra7/.config/discord/0.0.28/modules/pending/discord_erlpack-1.zip: 17%
2023-08-08T13:18:01.524Z [Modules] Streaming discord_erlpack@1 to /home/hydra7/.config/discord/0.0.28/modules/pending/discord_erlpack-1.zip: 21%
2023-08-08T13:18:01.525Z [Modules] Streaming discord_erlpack@1 to /home/hydra7/.config/discord/0.0.28/modules/pending/discord_erlpack-1.zip: 36%
2023-08-08T13:18:01.527Z [Modules] Streaming discord_erlpack@1 to /home/hydra7/.config/discord/0.0.28/modules/pending/discord_erlpack-1.zip: 49%
2023-08-08T13:18:01.528Z [Modules] Streaming discord_erlpack@1 to /home/hydra7/.config/discord/0.0.28/modules/pending/discord_erlpack-1.zip: 57%
2023-08-08T13:18:01.530Z [Modules] Streaming discord_erlpack@1 to /home/hydra7/.config/discord/0.0.28/modules/pending/discord_erlpack-1.zip: 65%
2023-08-08T13:18:01.531Z [Modules] Streaming discord_erlpack@1 to /home/hydra7/.config/discord/0.0.28/modules/pending/discord_erlpack-1.zip: 74%
2023-08-08T13:18:01.532Z [Modules] Streaming discord_erlpack@1 to /home/hydra7/.config/discord/0.0.28/modules/pending/discord_erlpack-1.zip: 88%
2023-08-08T13:18:01.533Z [Modules] Streaming discord_erlpack@1 to /home/hydra7/.config/discord/0.0.28/modules/pending/discord_erlpack-1.zip: 95%
2023-08-08T13:18:01.535Z [Modules] Streaming discord_erlpack@1 to /home/hydra7/.config/discord/0.0.28/modules/pending/discord_erlpack-1.zip: 100%
2023-08-08T13:18:01.537Z [Modules] Fetching discord_spellcheck@1 from https://discord.com/api/modules/stable/discord_spellcheck/1
2023-08-08T13:18:01.537Z [Modules] Streaming discord_spellcheck@1 to /home/hydra7/.config/discord/0.0.28/modules/pending/discord_spellcheck-1.zip
2023-08-08T13:18:01.843Z [Modules] Streaming discord_spellcheck@1 to /home/hydra7/.config/discord/0.0.28/modules/pending/discord_spellcheck-1.zip: 1%
2023-08-08T13:18:01.844Z [Modules] Streaming discord_spellcheck@1 to /home/hydra7/.config/discord/0.0.28/modules/pending/discord_spellcheck-1.zip: 2%
2023-08-08T13:18:01.845Z [Modules] Streaming discord_spellcheck@1 to /home/hydra7/.config/discord/0.0.28/modules/pending/discord_spellcheck-1.zip: 3%
2023-08-08T13:18:01.846Z [Modules] Streaming discord_spellcheck@1 to /home/hydra7/.config/discord/0.0.28/modules/pending/discord_spellcheck-1.zip: 4%
2023-08-08T13:18:01.847Z [Modules] Streaming discord_spellcheck@1 to /home/hydra7/.config/discord/0.0.28/modules/pending/discord_spellcheck-1.zip: 5%
2023-08-08T13:18:01.848Z [Modules] Streaming discord_spellcheck@1 to /home/hydra7/.config/discord/0.0.28/modules/pending/discord_spellcheck-1.zip: 6%
2023-08-08T13:18:01.849Z [Modules] Streaming discord_spellcheck@1 to /home/hydra7/.config/discord/0.0.28/modules/pending/discord_spellcheck-1.zip: 8%
2023-08-08T13:18:01.851Z [Modules] Streaming discord_spellcheck@1 to /home/hydra7/.config/discord/0.0.28/modules/pending/discord_spellcheck-1.zip: 9%
2023-08-08T13:18:01.851Z [Modules] Streaming discord_spellcheck@1 to /home/hydra7/.config/discord/0.0.28/modules/pending/discord_spellcheck-1.zip: 10%
2023-08-08T13:18:01.853Z [Modules] Streaming discord_spellcheck@1 to /home/hydra7/.config/discord/0.0.28/modules/pending/discord_spellcheck-1.zip: 11%
2023-08-08T13:18:01.854Z [Modules] Streaming discord_spellcheck@1 to /home/hydra7/.config/discord/0.0.28/modules/pending/discord_spellcheck-1.zip: 12%
2023-08-08T13:18:01.855Z [Modules] Streaming discord_spellcheck@1 to /home/hydra7/.config/discord/0.0.28/modules/pending/discord_spellcheck-1.zip: 13%
2023-08-08T13:18:01.859Z [Modules] Streaming discord_spellcheck@1 to /home/hydra7/.config/discord/0.0.28/modules/pending/discord_spellcheck-1.zip: 14%
2023-08-08T13:18:01.860Z [Modules] Streaming discord_spellcheck@1 to /home/hydra7/.config/discord/0.0.28/modules/pending/discord_spellcheck-1.zip: 15%
2023-08-08T13:18:01.861Z [Modules] Streaming discord_spellcheck@1 to /home/hydra7/.config/discord/0.0.28/modules/pending/discord_spellcheck-1.zip: 16%
2023-08-08T13:18:01.862Z [Modules] Streaming discord_spellcheck@1 to /home/hydra7/.config/discord/0.0.28/modules/pending/discord_spellcheck-1.zip: 17%
2023-08-08T13:18:01.863Z [Modules] Streaming discord_spellcheck@1 to /home/hydra7/.config/discord/0.0.28/modules/pending/discord_spellcheck-1.zip: 18%
2023-08-08T13:18:01.864Z [Modules] Streaming discord_spellcheck@1 to /home/hydra7/.config/discord/0.0.28/modules/pending/discord_spellcheck-1.zip: 19%
2023-08-08T13:18:01.865Z [Modules] Streaming discord_spellcheck@1 to /home/hydra7/.config/discord/0.0.28/modules/pending/discord_spellcheck-1.zip: 20%
2023-08-08T13:18:01.866Z [Modules] Streaming discord_spellcheck@1 to /home/hydra7/.config/discord/0.0.28/modules/pending/discord_spellcheck-1.zip: 22%
2023-08-08T13:18:01.867Z [Modules] Streaming discord_spellcheck@1 to /home/hydra7/.config/discord/0.0.28/modules/pending/discord_spellcheck-1.zip: 23%
2023-08-08T13:18:01.868Z [Modules] Streaming discord_spellcheck@1 to /home/hydra7/.config/discord/0.0.28/modules/pending/discord_spellcheck-1.zip: 25%
2023-08-08T13:18:01.890Z [Modules] Streaming discord_spellcheck@1 to /home/hydra7/.config/discord/0.0.28/modules/pending/discord_spellcheck-1.zip: 27%
2023-08-08T13:18:01.891Z [Modules] Streaming discord_spellcheck@1 to /home/hydra7/.config/discord/0.0.28/modules/pending/discord_spellcheck-1.zip: 29%
2023-08-08T13:18:01.892Z [Modules] Streaming discord_spellcheck@1 to /home/hydra7/.config/discord/0.0.28/modules/pending/discord_spellcheck-1.zip: 31%
2023-08-08T13:18:01.893Z [Modules] Streaming discord_spellcheck@1 to /home/hydra7/.config/discord/0.0.28/modules/pending/discord_spellcheck-1.zip: 34%
2023-08-08T13:18:01.894Z [Modules] Streaming discord_spellcheck@1 to /home/hydra7/.config/discord/0.0.28/modules/pending/discord_spellcheck-1.zip: 39%
2023-08-08T13:18:01.895Z [Modules] Streaming discord_spellcheck@1 to /home/hydra7/.config/discord/0.0.28/modules/pending/discord_spellcheck-1.zip: 41%
2023-08-08T13:18:01.896Z [Modules] Streaming discord_spellcheck@1 to /home/hydra7/.config/discord/0.0.28/modules/pending/discord_spellcheck-1.zip: 46%
2023-08-08T13:18:01.897Z [Modules] Streaming discord_spellcheck@1 to /home/hydra7/.config/discord/0.0.28/modules/pending/discord_spellcheck-1.zip: 50%
2023-08-08T13:18:01.899Z [Modules] Streaming discord_spellcheck@1 to /home/hydra7/.config/discord/0.0.28/modules/pending/discord_spellcheck-1.zip: 55%
2023-08-08T13:18:01.907Z [Modules] Streaming discord_spellcheck@1 to /home/hydra7/.config/discord/0.0.28/modules/pending/discord_spellcheck-1.zip: 56%
2023-08-08T13:18:01.907Z [Modules] Streaming discord_spellcheck@1 to /home/hydra7/.config/discord/0.0.28/modules/pending/discord_spellcheck-1.zip: 57%
2023-08-08T13:18:01.909Z [Modules] Streaming discord_spellcheck@1 to /home/hydra7/.config/discord/0.0.28/modules/pending/discord_spellcheck-1.zip: 58%
2023-08-08T13:18:01.986Z [Modules] Streaming discord_spellcheck@1 to /home/hydra7/.config/discord/0.0.28/modules/pending/discord_spellcheck-1.zip: 59%
2023-08-08T13:18:01.987Z [Modules] Streaming discord_spellcheck@1 to /home/hydra7/.config/discord/0.0.28/modules/pending/discord_spellcheck-1.zip: 60%
2023-08-08T13:18:01.988Z [Modules] Streaming discord_spellcheck@1 to /home/hydra7/.config/discord/0.0.28/modules/pending/discord_spellcheck-1.zip: 61%
2023-08-08T13:18:01.989Z [Modules] Streaming discord_spellcheck@1 to /home/hydra7/.config/discord/0.0.28/modules/pending/discord_spellcheck-1.zip: 62%
2023-08-08T13:18:01.990Z [Modules] Streaming discord_spellcheck@1 to /home/hydra7/.config/discord/0.0.28/modules/pending/discord_spellcheck-1.zip: 64%
2023-08-08T13:18:01.991Z [Modules] Streaming discord_spellcheck@1 to /home/hydra7/.config/discord/0.0.28/modules/pending/discord_spellcheck-1.zip: 65%
2023-08-08T13:18:01.991Z [Modules] Streaming discord_spellcheck@1 to /home/hydra7/.config/discord/0.0.28/modules/pending/discord_spellcheck-1.zip: 66%
2023-08-08T13:18:02.011Z [Modules] Streaming discord_spellcheck@1 to /home/hydra7/.config/discord/0.0.28/modules/pending/discord_spellcheck-1.zip: 67%
2023-08-08T13:18:02.012Z [Modules] Streaming discord_spellcheck@1 to /home/hydra7/.config/discord/0.0.28/modules/pending/discord_spellcheck-1.zip: 68%
2023-08-08T13:18:02.013Z [Modules] Streaming discord_spellcheck@1 to /home/hydra7/.config/discord/0.0.28/modules/pending/discord_spellcheck-1.zip: 70%
2023-08-08T13:18:02.014Z [Modules] Streaming discord_spellcheck@1 to /home/hydra7/.config/discord/0.0.28/modules/pending/discord_spellcheck-1.zip: 72%
2023-08-08T13:18:02.015Z [Modules] Streaming discord_spellcheck@1 to /home/hydra7/.config/discord/0.0.28/modules/pending/discord_spellcheck-1.zip: 74%
2023-08-08T13:18:02.016Z [Modules] Streaming discord_spellcheck@1 to /home/hydra7/.config/discord/0.0.28/modules/pending/discord_spellcheck-1.zip: 75%
2023-08-08T13:18:02.017Z [Modules] Streaming discord_spellcheck@1 to /home/hydra7/.config/discord/0.0.28/modules/pending/discord_spellcheck-1.zip: 78%
2023-08-08T13:18:02.019Z [Modules] Streaming discord_spellcheck@1 to /home/hydra7/.config/discord/0.0.28/modules/pending/discord_spellcheck-1.zip: 81%
2023-08-08T13:18:02.020Z [Modules] Streaming discord_spellcheck@1 to /home/hydra7/.config/discord/0.0.28/modules/pending/discord_spellcheck-1.zip: 82%
2023-08-08T13:18:02.022Z [Modules] Streaming discord_spellcheck@1 to /home/hydra7/.config/discord/0.0.28/modules/pending/discord_spellcheck-1.zip: 87%
2023-08-08T13:18:02.023Z [Modules] Streaming discord_spellcheck@1 to /home/hydra7/.config/discord/0.0.28/modules/pending/discord_spellcheck-1.zip: 92%
2023-08-08T13:18:02.025Z [Modules] Streaming discord_spellcheck@1 to /home/hydra7/.config/discord/0.0.28/modules/pending/discord_spellcheck-1.zip: 97%
2023-08-08T13:18:02.030Z [Modules] Streaming discord_spellcheck@1 to /home/hydra7/.config/discord/0.0.28/modules/pending/discord_spellcheck-1.zip: 98%
2023-08-08T13:18:02.031Z [Modules] Streaming discord_spellcheck@1 to /home/hydra7/.config/discord/0.0.28/modules/pending/discord_spellcheck-1.zip: 99%
2023-08-08T13:18:02.032Z [Modules] Streaming discord_spellcheck@1 to /home/hydra7/.config/discord/0.0.28/modules/pending/discord_spellcheck-1.zip: 100%
2023-08-08T13:18:02.034Z [Modules] Fetching discord_utils@2 from https://discord.com/api/modules/stable/discord_utils/2
2023-08-08T13:18:02.035Z [Modules] Streaming discord_utils@2 to /home/hydra7/.config/discord/0.0.28/modules/pending/discord_utils-2.zip
2023-08-08T13:18:02.329Z [Modules] Streaming discord_utils@2 to /home/hydra7/.config/discord/0.0.28/modules/pending/discord_utils-2.zip: 1%
2023-08-08T13:18:02.330Z [Modules] Streaming discord_utils@2 to /home/hydra7/.config/discord/0.0.28/modules/pending/discord_utils-2.zip: 3%
2023-08-08T13:18:02.331Z [Modules] Streaming discord_utils@2 to /home/hydra7/.config/discord/0.0.28/modules/pending/discord_utils-2.zip: 6%
2023-08-08T13:18:02.332Z [Modules] Streaming discord_utils@2 to /home/hydra7/.config/discord/0.0.28/modules/pending/discord_utils-2.zip: 8%
2023-08-08T13:18:02.333Z [Modules] Streaming discord_utils@2 to /home/hydra7/.config/discord/0.0.28/modules/pending/discord_utils-2.zip: 10%
2023-08-08T13:18:02.334Z [Modules] Streaming discord_utils@2 to /home/hydra7/.config/discord/0.0.28/modules/pending/discord_utils-2.zip: 14%
2023-08-08T13:18:02.336Z [Modules] Streaming discord_utils@2 to /home/hydra7/.config/discord/0.0.28/modules/pending/discord_utils-2.zip: 21%
2023-08-08T13:18:02.336Z [Modules] Streaming discord_utils@2 to /home/hydra7/.config/discord/0.0.28/modules/pending/discord_utils-2.zip: 23%
2023-08-08T13:18:02.351Z [Modules] Streaming discord_utils@2 to /home/hydra7/.config/discord/0.0.28/modules/pending/discord_utils-2.zip: 25%
2023-08-08T13:18:02.352Z [Modules] Streaming discord_utils@2 to /home/hydra7/.config/discord/0.0.28/modules/pending/discord_utils-2.zip: 28%
2023-08-08T13:18:02.353Z [Modules] Streaming discord_utils@2 to /home/hydra7/.config/discord/0.0.28/modules/pending/discord_utils-2.zip: 33%
2023-08-08T13:18:02.354Z [Modules] Streaming discord_utils@2 to /home/hydra7/.config/discord/0.0.28/modules/pending/discord_utils-2.zip: 36%
2023-08-08T13:18:02.354Z [Modules] Streaming discord_utils@2 to /home/hydra7/.config/discord/0.0.28/modules/pending/discord_utils-2.zip: 37%
2023-08-08T13:18:02.355Z [Modules] Streaming discord_utils@2 to /home/hydra7/.config/discord/0.0.28/modules/pending/discord_utils-2.zip: 39%
2023-08-08T13:18:02.355Z [Modules] Streaming discord_utils@2 to /home/hydra7/.config/discord/0.0.28/modules/pending/discord_utils-2.zip: 41%
2023-08-08T13:18:02.356Z [Modules] Streaming discord_utils@2 to /home/hydra7/.config/discord/0.0.28/modules/pending/discord_utils-2.zip: 43%
2023-08-08T13:18:02.357Z [Modules] Streaming discord_utils@2 to /home/hydra7/.config/discord/0.0.28/modules/pending/discord_utils-2.zip: 46%
2023-08-08T13:18:02.357Z [Modules] Streaming discord_utils@2 to /home/hydra7/.config/discord/0.0.28/modules/pending/discord_utils-2.zip: 48%
2023-08-08T13:18:02.358Z [Modules] Streaming discord_utils@2 to /home/hydra7/.config/discord/0.0.28/modules/pending/discord_utils-2.zip: 50%
2023-08-08T13:18:02.358Z [Modules] Streaming discord_utils@2 to /home/hydra7/.config/discord/0.0.28/modules/pending/discord_utils-2.zip: 54%
2023-08-08T13:18:02.359Z [Modules] Streaming discord_utils@2 to /home/hydra7/.config/discord/0.0.28/modules/pending/discord_utils-2.zip: 56%
2023-08-08T13:18:02.359Z [Modules] Streaming discord_utils@2 to /home/hydra7/.config/discord/0.0.28/modules/pending/discord_utils-2.zip: 57%
2023-08-08T13:18:02.359Z [Modules] Streaming discord_utils@2 to /home/hydra7/.config/discord/0.0.28/modules/pending/discord_utils-2.zip: 58%
2023-08-08T13:18:02.360Z [Modules] Streaming discord_utils@2 to /home/hydra7/.config/discord/0.0.28/modules/pending/discord_utils-2.zip: 60%
2023-08-08T13:18:02.360Z [Modules] Streaming discord_utils@2 to /home/hydra7/.config/discord/0.0.28/modules/pending/discord_utils-2.zip: 63%
2023-08-08T13:18:02.360Z [Modules] Streaming discord_utils@2 to /home/hydra7/.config/discord/0.0.28/modules/pending/discord_utils-2.zip: 65%
2023-08-08T13:18:02.361Z [Modules] Streaming discord_utils@2 to /home/hydra7/.config/discord/0.0.28/modules/pending/discord_utils-2.zip: 67%
2023-08-08T13:18:02.361Z [Modules] Streaming discord_utils@2 to /home/hydra7/.config/discord/0.0.28/modules/pending/discord_utils-2.zip: 71%
2023-08-08T13:18:02.362Z [Modules] Streaming discord_utils@2 to /home/hydra7/.config/discord/0.0.28/modules/pending/discord_utils-2.zip: 72%
2023-08-08T13:18:02.362Z [Modules] Streaming discord_utils@2 to /home/hydra7/.config/discord/0.0.28/modules/pending/discord_utils-2.zip: 74%
2023-08-08T13:18:02.363Z [Modules] Streaming discord_utils@2 to /home/hydra7/.config/discord/0.0.28/modules/pending/discord_utils-2.zip: 76%
2023-08-08T13:18:02.363Z [Modules] Streaming discord_utils@2 to /home/hydra7/.config/discord/0.0.28/modules/pending/discord_utils-2.zip: 78%
2023-08-08T13:18:02.369Z [Modules] Streaming discord_utils@2 to /home/hydra7/.config/discord/0.0.28/modules/pending/discord_utils-2.zip: 80%
2023-08-08T13:18:02.370Z [Modules] Streaming discord_utils@2 to /home/hydra7/.config/discord/0.0.28/modules/pending/discord_utils-2.zip: 99%
2023-08-08T13:18:02.543Z [Modules] Streaming discord_utils@2 to /home/hydra7/.config/discord/0.0.28/modules/pending/discord_utils-2.zip: 100%
2023-08-08T13:18:02.545Z [Modules] Fetching discord_voice@2 from https://discord.com/api/modules/stable/discord_voice/2
2023-08-08T13:18:02.545Z [Modules] Streaming discord_voice@2 to /home/hydra7/.config/discord/0.0.28/modules/pending/discord_voice-2.zip
2023-08-08T13:18:02.851Z [Modules] Streaming discord_voice@2 to /home/hydra7/.config/discord/0.0.28/modules/pending/discord_voice-2.zip: 1%
2023-08-08T13:18:02.853Z [Modules] Streaming discord_voice@2 to /home/hydra7/.config/discord/0.0.28/modules/pending/discord_voice-2.zip: 2%
2023-08-08T13:18:02.854Z [Modules] Streaming discord_voice@2 to /home/hydra7/.config/discord/0.0.28/modules/pending/discord_voice-2.zip: 3%
2023-08-08T13:18:03.055Z [Modules] Streaming discord_voice@2 to /home/hydra7/.config/discord/0.0.28/modules/pending/discord_voice-2.zip: 4%
2023-08-08T13:18:03.058Z [Modules] Streaming discord_voice@2 to /home/hydra7/.config/discord/0.0.28/modules/pending/discord_voice-2.zip: 5%
2023-08-08T13:18:03.059Z [Modules] Streaming discord_voice@2 to /home/hydra7/.config/discord/0.0.28/modules/pending/discord_voice-2.zip: 6%
2023-08-08T13:18:03.061Z [Modules] Streaming discord_voice@2 to /home/hydra7/.config/discord/0.0.28/modules/pending/discord_voice-2.zip: 7%
2023-08-08T13:18:03.081Z [Modules] Streaming discord_voice@2 to /home/hydra7/.config/discord/0.0.28/modules/pending/discord_voice-2.zip: 8%
2023-08-08T13:18:03.082Z [Modules] Streaming discord_voice@2 to /home/hydra7/.config/discord/0.0.28/modules/pending/discord_voice-2.zip: 9%
2023-08-08T13:18:03.084Z [Modules] Streaming discord_voice@2 to /home/hydra7/.config/discord/0.0.28/modules/pending/discord_voice-2.zip: 10%
2023-08-08T13:18:03.086Z [Modules] Streaming discord_voice@2 to /home/hydra7/.config/discord/0.0.28/modules/pending/discord_voice-2.zip: 11%
2023-08-08T13:18:03.087Z [Modules] Streaming discord_voice@2 to /home/hydra7/.config/discord/0.0.28/modules/pending/discord_voice-2.zip: 12%
2023-08-08T13:18:03.088Z [Modules] Streaming discord_voice@2 to /home/hydra7/.config/discord/0.0.28/modules/pending/discord_voice-2.zip: 13%
2023-08-08T13:18:03.089Z [Modules] Streaming discord_voice@2 to /home/hydra7/.config/discord/0.0.28/modules/pending/discord_voice-2.zip: 14%
2023-08-08T13:18:03.090Z [Modules] Streaming discord_voice@2 to /home/hydra7/.config/discord/0.0.28/modules/pending/discord_voice-2.zip: 15%
2023-08-08T13:18:03.091Z [Modules] Streaming discord_voice@2 to /home/hydra7/.config/discord/0.0.28/modules/pending/discord_voice-2.zip: 16%
2023-08-08T13:18:03.092Z [Modules] Streaming discord_voice@2 to /home/hydra7/.config/discord/0.0.28/modules/pending/discord_voice-2.zip: 17%
2023-08-08T13:18:03.094Z [Modules] Streaming discord_voice@2 to /home/hydra7/.config/discord/0.0.28/modules/pending/discord_voice-2.zip: 18%
2023-08-08T13:18:03.095Z [Modules] Streaming discord_voice@2 to /home/hydra7/.config/discord/0.0.28/modules/pending/discord_voice-2.zip: 20%
2023-08-08T13:18:03.096Z [Modules] Streaming discord_voice@2 to /home/hydra7/.config/discord/0.0.28/modules/pending/discord_voice-2.zip: 22%
2023-08-08T13:18:03.097Z [Modules] Streaming discord_voice@2 to /home/hydra7/.config/discord/0.0.28/modules/pending/discord_voice-2.zip: 23%
2023-08-08T13:18:03.102Z [Modules] Streaming discord_voice@2 to /home/hydra7/.config/discord/0.0.28/modules/pending/discord_voice-2.zip: 24%
2023-08-08T13:18:03.272Z [Modules] Streaming discord_voice@2 to /home/hydra7/.config/discord/0.0.28/modules/pending/discord_voice-2.zip: 25%
2023-08-08T13:18:03.274Z [Modules] Streaming discord_voice@2 to /home/hydra7/.config/discord/0.0.28/modules/pending/discord_voice-2.zip: 26%
2023-08-08T13:18:03.276Z [Modules] Streaming discord_voice@2 to /home/hydra7/.config/discord/0.0.28/modules/pending/discord_voice-2.zip: 27%
2023-08-08T13:18:03.278Z [Modules] Streaming discord_voice@2 to /home/hydra7/.config/discord/0.0.28/modules/pending/discord_voice-2.zip: 28%
2023-08-08T13:18:03.280Z [Modules] Streaming discord_voice@2 to /home/hydra7/.config/discord/0.0.28/modules/pending/discord_voice-2.zip: 29%
2023-08-08T13:18:03.282Z [Modules] Streaming discord_voice@2 to /home/hydra7/.config/discord/0.0.28/modules/pending/discord_voice-2.zip: 30%
2023-08-08T13:18:03.283Z [Modules] Streaming discord_voice@2 to /home/hydra7/.config/discord/0.0.28/modules/pending/discord_voice-2.zip: 31%
2023-08-08T13:18:03.528Z [Modules] Streaming discord_voice@2 to /home/hydra7/.config/discord/0.0.28/modules/pending/discord_voice-2.zip: 32%
2023-08-08T13:18:03.530Z [Modules] Streaming discord_voice@2 to /home/hydra7/.config/discord/0.0.28/modules/pending/discord_voice-2.zip: 33%
2023-08-08T13:18:03.532Z [Modules] Streaming discord_voice@2 to /home/hydra7/.config/discord/0.0.28/modules/pending/discord_voice-2.zip: 34%
2023-08-08T13:18:03.735Z [Modules] Streaming discord_voice@2 to /home/hydra7/.config/discord/0.0.28/modules/pending/discord_voice-2.zip: 35%
2023-08-08T13:18:03.737Z [Modules] Streaming discord_voice@2 to /home/hydra7/.config/discord/0.0.28/modules/pending/discord_voice-2.zip: 36%
2023-08-08T13:18:03.739Z [Modules] Streaming discord_voice@2 to /home/hydra7/.config/discord/0.0.28/modules/pending/discord_voice-2.zip: 37%
2023-08-08T13:18:03.740Z [Modules] Streaming discord_voice@2 to /home/hydra7/.config/discord/0.0.28/modules/pending/discord_voice-2.zip: 38%
2023-08-08T13:18:03.761Z [Modules] Streaming discord_voice@2 to /home/hydra7/.config/discord/0.0.28/modules/pending/discord_voice-2.zip: 39%
2023-08-08T13:18:03.762Z [Modules] Streaming discord_voice@2 to /home/hydra7/.config/discord/0.0.28/modules/pending/discord_voice-2.zip: 40%
2023-08-08T13:18:03.763Z [Modules] Streaming discord_voice@2 to /home/hydra7/.config/discord/0.0.28/modules/pending/discord_voice-2.zip: 41%
2023-08-08T13:18:03.764Z [Modules] Streaming discord_voice@2 to /home/hydra7/.config/discord/0.0.28/modules/pending/discord_voice-2.zip: 42%
2023-08-08T13:18:03.765Z [Modules] Streaming discord_voice@2 to /home/hydra7/.config/discord/0.0.28/modules/pending/discord_voice-2.zip: 43%
2023-08-08T13:18:03.768Z [Modules] Streaming discord_voice@2 to /home/hydra7/.config/discord/0.0.28/modules/pending/discord_voice-2.zip: 44%
2023-08-08T13:18:03.769Z [Modules] Streaming discord_voice@2 to /home/hydra7/.config/discord/0.0.28/modules/pending/discord_voice-2.zip: 45%
2023-08-08T13:18:03.771Z [Modules] Streaming discord_voice@2 to /home/hydra7/.config/discord/0.0.28/modules/pending/discord_voice-2.zip: 46%
2023-08-08T13:18:03.772Z [Modules] Streaming discord_voice@2 to /home/hydra7/.config/discord/0.0.28/modules/pending/discord_voice-2.zip: 47%
2023-08-08T13:18:03.773Z [Modules] Streaming discord_voice@2 to /home/hydra7/.config/discord/0.0.28/modules/pending/discord_voice-2.zip: 48%
2023-08-08T13:18:03.774Z [Modules] Streaming discord_voice@2 to /home/hydra7/.config/discord/0.0.28/modules/pending/discord_voice-2.zip: 49%
2023-08-08T13:18:03.776Z [Modules] Streaming discord_voice@2 to /home/hydra7/.config/discord/0.0.28/modules/pending/discord_voice-2.zip: 50%
2023-08-08T13:18:03.776Z [Modules] Streaming discord_voice@2 to /home/hydra7/.config/discord/0.0.28/modules/pending/discord_voice-2.zip: 51%
2023-08-08T13:18:03.777Z [Modules] Streaming discord_voice@2 to /home/hydra7/.config/discord/0.0.28/modules/pending/discord_voice-2.zip: 52%
2023-08-08T13:18:03.779Z [Modules] Streaming discord_voice@2 to /home/hydra7/.config/discord/0.0.28/modules/pending/discord_voice-2.zip: 54%
2023-08-08T13:18:03.781Z [Modules] Streaming discord_voice@2 to /home/hydra7/.config/discord/0.0.28/modules/pending/discord_voice-2.zip: 55%
2023-08-08T13:18:03.967Z [Modules] Streaming discord_voice@2 to /home/hydra7/.config/discord/0.0.28/modules/pending/discord_voice-2.zip: 56%
2023-08-08T13:18:03.969Z [Modules] Streaming discord_voice@2 to /home/hydra7/.config/discord/0.0.28/modules/pending/discord_voice-2.zip: 57%
2023-08-08T13:18:03.971Z [Modules] Streaming discord_voice@2 to /home/hydra7/.config/discord/0.0.28/modules/pending/discord_voice-2.zip: 58%
2023-08-08T13:18:03.973Z [Modules] Streaming discord_voice@2 to /home/hydra7/.config/discord/0.0.28/modules/pending/discord_voice-2.zip: 59%
2023-08-08T13:18:03.975Z [Modules] Streaming discord_voice@2 to /home/hydra7/.config/discord/0.0.28/modules/pending/discord_voice-2.zip: 60%
2023-08-08T13:18:03.976Z [Modules] Streaming discord_voice@2 to /home/hydra7/.config/discord/0.0.28/modules/pending/discord_voice-2.zip: 61%
2023-08-08T13:18:03.978Z [Modules] Streaming discord_voice@2 to /home/hydra7/.config/discord/0.0.28/modules/pending/discord_voice-2.zip: 62%
2023-08-08T13:18:03.980Z [Modules] Streaming discord_voice@2 to /home/hydra7/.config/discord/0.0.28/modules/pending/discord_voice-2.zip: 63%
2023-08-08T13:18:04.175Z [Modules] Streaming discord_voice@2 to /home/hydra7/.config/discord/0.0.28/modules/pending/discord_voice-2.zip: 64%
2023-08-08T13:18:04.177Z [Modules] Streaming discord_voice@2 to /home/hydra7/.config/discord/0.0.28/modules/pending/discord_voice-2.zip: 65%
2023-08-08T13:18:04.179Z [Modules] Streaming discord_voice@2 to /home/hydra7/.config/discord/0.0.28/modules/pending/discord_voice-2.zip: 66%
2023-08-08T13:18:04.180Z [Modules] Streaming discord_voice@2 to /home/hydra7/.config/discord/0.0.28/modules/pending/discord_voice-2.zip: 67%
2023-08-08T13:18:04.194Z [Modules] Streaming discord_voice@2 to /home/hydra7/.config/discord/0.0.28/modules/pending/discord_voice-2.zip: 68%
2023-08-08T13:18:04.196Z [Modules] Streaming discord_voice@2 to /home/hydra7/.config/discord/0.0.28/modules/pending/discord_voice-2.zip: 69%
2023-08-08T13:18:04.198Z [Modules] Streaming discord_voice@2 to /home/hydra7/.config/discord/0.0.28/modules/pending/discord_voice-2.zip: 70%
2023-08-08T13:18:04.199Z [Modules] Streaming discord_voice@2 to /home/hydra7/.config/discord/0.0.28/modules/pending/discord_voice-2.zip: 71%
2023-08-08T13:18:04.200Z [Modules] Streaming discord_voice@2 to /home/hydra7/.config/discord/0.0.28/modules/pending/discord_voice-2.zip: 72%
2023-08-08T13:18:04.202Z [Modules] Streaming discord_voice@2 to /home/hydra7/.config/discord/0.0.28/modules/pending/discord_voice-2.zip: 73%
2023-08-08T13:18:04.393Z [Modules] Streaming discord_voice@2 to /home/hydra7/.config/discord/0.0.28/modules/pending/discord_voice-2.zip: 74%
2023-08-08T13:18:04.405Z [Modules] Streaming discord_voice@2 to /home/hydra7/.config/discord/0.0.28/modules/pending/discord_voice-2.zip: 78%
2023-08-08T13:18:04.416Z [Modules] Streaming discord_voice@2 to /home/hydra7/.config/discord/0.0.28/modules/pending/discord_voice-2.zip: 79%
2023-08-08T13:18:04.418Z [Modules] Streaming discord_voice@2 to /home/hydra7/.config/discord/0.0.28/modules/pending/discord_voice-2.zip: 80%
2023-08-08T13:18:04.420Z [Modules] Streaming discord_voice@2 to /home/hydra7/.config/discord/0.0.28/modules/pending/discord_voice-2.zip: 82%
2023-08-08T13:18:04.421Z [Modules] Streaming discord_voice@2 to /home/hydra7/.config/discord/0.0.28/modules/pending/discord_voice-2.zip: 83%
2023-08-08T13:18:04.423Z [Modules] Streaming discord_voice@2 to /home/hydra7/.config/discord/0.0.28/modules/pending/discord_voice-2.zip: 84%
2023-08-08T13:18:04.424Z [Modules] Streaming discord_voice@2 to /home/hydra7/.config/discord/0.0.28/modules/pending/discord_voice-2.zip: 85%
2023-08-08T13:18:04.426Z [Modules] Streaming discord_voice@2 to /home/hydra7/.config/discord/0.0.28/modules/pending/discord_voice-2.zip: 86%
2023-08-08T13:18:04.427Z [Modules] Streaming discord_voice@2 to /home/hydra7/.config/discord/0.0.28/modules/pending/discord_voice-2.zip: 87%
2023-08-08T13:18:04.428Z [Modules] Streaming discord_voice@2 to /home/hydra7/.config/discord/0.0.28/modules/pending/discord_voice-2.zip: 88%
2023-08-08T13:18:04.429Z [Modules] Streaming discord_voice@2 to /home/hydra7/.config/discord/0.0.28/modules/pending/discord_voice-2.zip: 89%
2023-08-08T13:18:04.431Z [Modules] Streaming discord_voice@2 to /home/hydra7/.config/discord/0.0.28/modules/pending/discord_voice-2.zip: 90%
2023-08-08T13:18:04.432Z [Modules] Streaming discord_voice@2 to /home/hydra7/.config/discord/0.0.28/modules/pending/discord_voice-2.zip: 91%
2023-08-08T13:18:04.624Z [Modules] Streaming discord_voice@2 to /home/hydra7/.config/discord/0.0.28/modules/pending/discord_voice-2.zip: 92%
2023-08-08T13:18:04.625Z [Modules] Streaming discord_voice@2 to /home/hydra7/.config/discord/0.0.28/modules/pending/discord_voice-2.zip: 93%
2023-08-08T13:18:04.627Z [Modules] Streaming discord_voice@2 to /home/hydra7/.config/discord/0.0.28/modules/pending/discord_voice-2.zip: 94%
2023-08-08T13:18:04.629Z [Modules] Streaming discord_voice@2 to /home/hydra7/.config/discord/0.0.28/modules/pending/discord_voice-2.zip: 95%
2023-08-08T13:18:04.644Z [Modules] Streaming discord_voice@2 to /home/hydra7/.config/discord/0.0.28/modules/pending/discord_voice-2.zip: 96%
2023-08-08T13:18:04.645Z [Modules] Streaming discord_voice@2 to /home/hydra7/.config/discord/0.0.28/modules/pending/discord_voice-2.zip: 97%
2023-08-08T13:18:04.647Z [Modules] Streaming discord_voice@2 to /home/hydra7/.config/discord/0.0.28/modules/pending/discord_voice-2.zip: 98%
2023-08-08T13:18:04.648Z [Modules] Streaming discord_voice@2 to /home/hydra7/.config/discord/0.0.28/modules/pending/discord_voice-2.zip: 99%
2023-08-08T13:18:04.649Z [Modules] Streaming discord_voice@2 to /home/hydra7/.config/discord/0.0.28/modules/pending/discord_voice-2.zip: 100%
2023-08-08T13:18:04.652Z [Modules] Finished module downloads. [success: 5] [failure: 0]
2023-08-08T13:18:04.652Z [Modules] Installing updates...
2023-08-08T13:18:04.652Z [Modules] Installing discord_desktop_core@1 from /home/hydra7/.config/discord/0.0.28/modules/pending/discord_desktop_core-1.zip
2023-08-08T13:18:04.856Z [Modules] Installing discord_erlpack@1 from /home/hydra7/.config/discord/0.0.28/modules/pending/discord_erlpack-1.zip
2023-08-08T13:18:04.915Z [Modules] Installing discord_spellcheck@1 from /home/hydra7/.config/discord/0.0.28/modules/pending/discord_spellcheck-1.zip
2023-08-08T13:18:05.716Z [Modules] Installing discord_utils@2 from /home/hydra7/.config/discord/0.0.28/modules/pending/discord_utils-2.zip
2023-08-08T13:18:06.124Z [Modules] Installing discord_voice@2 from /home/hydra7/.config/discord/0.0.28/modules/pending/discord_voice-2.zip
2023-08-08T13:18:06.991Z [Modules] Finished module installations. [success: 5] [failure: 0]
2023-08-08T13:18:06.991Z [Modules] Checking for host updates.
2023-08-08T13:18:07.254Z [Modules] Host is up to date.
2023-08-08T13:18:07.254Z [Modules] Checking for module updates at https://discord.com/api/modules/stable/versions.json
2023-08-08T13:18:07.258Z [Modules] No module updates available.
2023-08-08T13:18:09.178Z [Modules] Starting to install discord_krisp...
2023-08-08T13:18:09.178Z [Modules] Fetching discord_krisp@1 from https://discord.com/api/modules/stable/discord_krisp/1
2023-08-08T13:18:09.179Z [Modules] Streaming discord_krisp@1 to /home/hydra7/.config/discord/0.0.28/modules/pending/discord_krisp-1.zip
2023-08-08T13:18:09.199Z [Modules] Starting to install discord_game_utils...
2023-08-08T13:18:09.766Z [Modules] Streaming discord_krisp@1 to /home/hydra7/.config/discord/0.0.28/modules/pending/discord_krisp-1.zip: 1%
2023-08-08T13:18:09.782Z [Modules] Streaming discord_krisp@1 to /home/hydra7/.config/discord/0.0.28/modules/pending/discord_krisp-1.zip: 2%
2023-08-08T13:18:09.789Z [Modules] Streaming discord_krisp@1 to /home/hydra7/.config/discord/0.0.28/modules/pending/discord_krisp-1.zip: 3%
2023-08-08T13:18:09.800Z [Modules] Streaming discord_krisp@1 to /home/hydra7/.config/discord/0.0.28/modules/pending/discord_krisp-1.zip: 4%
2023-08-08T13:18:09.802Z [Modules] Streaming discord_krisp@1 to /home/hydra7/.config/discord/0.0.28/modules/pending/discord_krisp-1.zip: 5%
2023-08-08T13:18:09.809Z [Modules] Streaming discord_krisp@1 to /home/hydra7/.config/discord/0.0.28/modules/pending/discord_krisp-1.zip: 6%
2023-08-08T13:18:09.816Z [Modules] Streaming discord_krisp@1 to /home/hydra7/.config/discord/0.0.28/modules/pending/discord_krisp-1.zip: 7%
2023-08-08T13:18:09.824Z [Modules] Streaming discord_krisp@1 to /home/hydra7/.config/discord/0.0.28/modules/pending/discord_krisp-1.zip: 8%
2023-08-08T13:18:09.831Z [Modules] Streaming discord_krisp@1 to /home/hydra7/.config/discord/0.0.28/modules/pending/discord_krisp-1.zip: 9%
2023-08-08T13:18:09.836Z [Modules] Streaming discord_krisp@1 to /home/hydra7/.config/discord/0.0.28/modules/pending/discord_krisp-1.zip: 10%
2023-08-08T13:18:09.842Z [Modules] Streaming discord_krisp@1 to /home/hydra7/.config/discord/0.0.28/modules/pending/discord_krisp-1.zip: 11%
2023-08-08T13:18:09.848Z [Modules] Streaming discord_krisp@1 to /home/hydra7/.config/discord/0.0.28/modules/pending/discord_krisp-1.zip: 12%
2023-08-08T13:18:09.855Z [Modules] Streaming discord_krisp@1 to /home/hydra7/.config/discord/0.0.28/modules/pending/discord_krisp-1.zip: 13%
2023-08-08T13:18:09.859Z [Modules] Streaming discord_krisp@1 to /home/hydra7/.config/discord/0.0.28/modules/pending/discord_krisp-1.zip: 14%
2023-08-08T13:18:09.862Z [Modules] Streaming discord_krisp@1 to /home/hydra7/.config/discord/0.0.28/modules/pending/discord_krisp-1.zip: 15%
2023-08-08T13:18:09.863Z [Modules] Streaming discord_krisp@1 to /home/hydra7/.config/discord/0.0.28/modules/pending/discord_krisp-1.zip: 16%
2023-08-08T13:18:09.864Z [Modules] Streaming discord_krisp@1 to /home/hydra7/.config/discord/0.0.28/modules/pending/discord_krisp-1.zip: 17%
2023-08-08T13:18:09.865Z [Modules] Streaming discord_krisp@1 to /home/hydra7/.config/discord/0.0.28/modules/pending/discord_krisp-1.zip: 18%
2023-08-08T13:18:09.867Z [Modules] Streaming discord_krisp@1 to /home/hydra7/.config/discord/0.0.28/modules/pending/discord_krisp-1.zip: 19%
2023-08-08T13:18:09.868Z [Modules] Streaming discord_krisp@1 to /home/hydra7/.config/discord/0.0.28/modules/pending/discord_krisp-1.zip: 20%
2023-08-08T13:18:09.869Z [Modules] Streaming discord_krisp@1 to /home/hydra7/.config/discord/0.0.28/modules/pending/discord_krisp-1.zip: 21%
2023-08-08T13:18:09.870Z [Modules] Streaming discord_krisp@1 to /home/hydra7/.config/discord/0.0.28/modules/pending/discord_krisp-1.zip: 22%
2023-08-08T13:18:09.871Z [Modules] Streaming discord_krisp@1 to /home/hydra7/.config/discord/0.0.28/modules/pending/discord_krisp-1.zip: 23%
2023-08-08T13:18:09.872Z [Modules] Streaming discord_krisp@1 to /home/hydra7/.config/discord/0.0.28/modules/pending/discord_krisp-1.zip: 25%
2023-08-08T13:18:09.873Z [Modules] Streaming discord_krisp@1 to /home/hydra7/.config/discord/0.0.28/modules/pending/discord_krisp-1.zip: 26%
2023-08-08T13:18:09.873Z [Modules] Streaming discord_krisp@1 to /home/hydra7/.config/discord/0.0.28/modules/pending/discord_krisp-1.zip: 27%
2023-08-08T13:18:09.874Z [Modules] Streaming discord_krisp@1 to /home/hydra7/.config/discord/0.0.28/modules/pending/discord_krisp-1.zip: 28%
2023-08-08T13:18:09.877Z [Modules] Streaming discord_krisp@1 to /home/hydra7/.config/discord/0.0.28/modules/pending/discord_krisp-1.zip: 29%
2023-08-08T13:18:09.883Z [Modules] Streaming discord_krisp@1 to /home/hydra7/.config/discord/0.0.28/modules/pending/discord_krisp-1.zip: 30%
2023-08-08T13:18:09.888Z [Modules] Streaming discord_krisp@1 to /home/hydra7/.config/discord/0.0.28/modules/pending/discord_krisp-1.zip: 31%
2023-08-08T13:18:09.893Z [Modules] Streaming discord_krisp@1 to /home/hydra7/.config/discord/0.0.28/modules/pending/discord_krisp-1.zip: 32%
2023-08-08T13:18:09.898Z [Modules] Streaming discord_krisp@1 to /home/hydra7/.config/discord/0.0.28/modules/pending/discord_krisp-1.zip: 33%
2023-08-08T13:18:09.903Z [Modules] Streaming discord_krisp@1 to /home/hydra7/.config/discord/0.0.28/modules/pending/discord_krisp-1.zip: 34%
2023-08-08T13:18:09.907Z [Modules] Streaming discord_krisp@1 to /home/hydra7/.config/discord/0.0.28/modules/pending/discord_krisp-1.zip: 35%
2023-08-08T13:18:09.912Z [Modules] Streaming discord_krisp@1 to /home/hydra7/.config/discord/0.0.28/modules/pending/discord_krisp-1.zip: 36%
2023-08-08T13:18:09.916Z [Modules] Streaming discord_krisp@1 to /home/hydra7/.config/discord/0.0.28/modules/pending/discord_krisp-1.zip: 37%
2023-08-08T13:18:09.919Z [Modules] Streaming discord_krisp@1 to /home/hydra7/.config/discord/0.0.28/modules/pending/discord_krisp-1.zip: 38%
2023-08-08T13:18:09.924Z [Modules] Streaming discord_krisp@1 to /home/hydra7/.config/discord/0.0.28/modules/pending/discord_krisp-1.zip: 39%
2023-08-08T13:18:09.927Z [Modules] Streaming discord_krisp@1 to /home/hydra7/.config/discord/0.0.28/modules/pending/discord_krisp-1.zip: 40%
2023-08-08T13:18:09.930Z [Modules] Streaming discord_krisp@1 to /home/hydra7/.config/discord/0.0.28/modules/pending/discord_krisp-1.zip: 41%
2023-08-08T13:18:09.933Z [Modules] Streaming discord_krisp@1 to /home/hydra7/.config/discord/0.0.28/modules/pending/discord_krisp-1.zip: 42%
2023-08-08T13:18:09.937Z [Modules] Streaming discord_krisp@1 to /home/hydra7/.config/discord/0.0.28/modules/pending/discord_krisp-1.zip: 43%
2023-08-08T13:18:09.940Z [Modules] Streaming discord_krisp@1 to /home/hydra7/.config/discord/0.0.28/modules/pending/discord_krisp-1.zip: 44%
2023-08-08T13:18:09.943Z [Modules] Streaming discord_krisp@1 to /home/hydra7/.config/discord/0.0.28/modules/pending/discord_krisp-1.zip: 45%
2023-08-08T13:18:09.946Z [Modules] Streaming discord_krisp@1 to /home/hydra7/.config/discord/0.0.28/modules/pending/discord_krisp-1.zip: 46%
2023-08-08T13:18:09.950Z [Modules] Streaming discord_krisp@1 to /home/hydra7/.config/discord/0.0.28/modules/pending/discord_krisp-1.zip: 47%
2023-08-08T13:18:09.952Z [Modules] Streaming discord_krisp@1 to /home/hydra7/.config/discord/0.0.28/modules/pending/discord_krisp-1.zip: 48%
2023-08-08T13:18:09.955Z [Modules] Streaming discord_krisp@1 to /home/hydra7/.config/discord/0.0.28/modules/pending/discord_krisp-1.zip: 49%
2023-08-08T13:18:09.958Z [Modules] Streaming discord_krisp@1 to /home/hydra7/.config/discord/0.0.28/modules/pending/discord_krisp-1.zip: 50%
2023-08-08T13:18:09.962Z [Modules] Streaming discord_krisp@1 to /home/hydra7/.config/discord/0.0.28/modules/pending/discord_krisp-1.zip: 51%
2023-08-08T13:18:09.963Z [Modules] Streaming discord_krisp@1 to /home/hydra7/.config/discord/0.0.28/modules/pending/discord_krisp-1.zip: 52%
2023-08-08T13:18:09.966Z [Modules] Streaming discord_krisp@1 to /home/hydra7/.config/discord/0.0.28/modules/pending/discord_krisp-1.zip: 53%
2023-08-08T13:18:09.968Z [Modules] Streaming discord_krisp@1 to /home/hydra7/.config/discord/0.0.28/modules/pending/discord_krisp-1.zip: 54%
2023-08-08T13:18:09.971Z [Modules] Streaming discord_krisp@1 to /home/hydra7/.config/discord/0.0.28/modules/pending/discord_krisp-1.zip: 55%
2023-08-08T13:18:09.973Z [Modules] Streaming discord_krisp@1 to /home/hydra7/.config/discord/0.0.28/modules/pending/discord_krisp-1.zip: 56%
2023-08-08T13:18:09.976Z [Modules] Streaming discord_krisp@1 to /home/hydra7/.config/discord/0.0.28/modules/pending/discord_krisp-1.zip: 57%
2023-08-08T13:18:09.978Z [Modules] Streaming discord_krisp@1 to /home/hydra7/.config/discord/0.0.28/modules/pending/discord_krisp-1.zip: 58%
2023-08-08T13:18:09.980Z [Modules] Streaming discord_krisp@1 to /home/hydra7/.config/discord/0.0.28/modules/pending/discord_krisp-1.zip: 59%
2023-08-08T13:18:09.982Z [Modules] Streaming discord_krisp@1 to /home/hydra7/.config/discord/0.0.28/modules/pending/discord_krisp-1.zip: 60%
2023-08-08T13:18:09.985Z [Modules] Streaming discord_krisp@1 to /home/hydra7/.config/discord/0.0.28/modules/pending/discord_krisp-1.zip: 61%
2023-08-08T13:18:10.021Z [Modules] Streaming discord_krisp@1 to /home/hydra7/.config/discord/0.0.28/modules/pending/discord_krisp-1.zip: 62%
2023-08-08T13:18:10.023Z [Modules] Streaming discord_krisp@1 to /home/hydra7/.config/discord/0.0.28/modules/pending/discord_krisp-1.zip: 63%
2023-08-08T13:18:10.025Z [Modules] Streaming discord_krisp@1 to /home/hydra7/.config/discord/0.0.28/modules/pending/discord_krisp-1.zip: 64%
2023-08-08T13:18:10.028Z [Modules] Streaming discord_krisp@1 to /home/hydra7/.config/discord/0.0.28/modules/pending/discord_krisp-1.zip: 65%
2023-08-08T13:18:10.029Z [Modules] Streaming discord_krisp@1 to /home/hydra7/.config/discord/0.0.28/modules/pending/discord_krisp-1.zip: 66%
2023-08-08T13:18:10.037Z [Modules] Streaming discord_krisp@1 to /home/hydra7/.config/discord/0.0.28/modules/pending/discord_krisp-1.zip: 67%
2023-08-08T13:18:10.043Z [Modules] Streaming discord_krisp@1 to /home/hydra7/.config/discord/0.0.28/modules/pending/discord_krisp-1.zip: 69%
2023-08-08T13:18:10.046Z [Modules] Streaming discord_krisp@1 to /home/hydra7/.config/discord/0.0.28/modules/pending/discord_krisp-1.zip: 71%
2023-08-08T13:18:10.052Z [Modules] Streaming discord_krisp@1 to /home/hydra7/.config/discord/0.0.28/modules/pending/discord_krisp-1.zip: 73%
2023-08-08T13:18:10.054Z [Modules] Streaming discord_krisp@1 to /home/hydra7/.config/discord/0.0.28/modules/pending/discord_krisp-1.zip: 74%
2023-08-08T13:18:10.054Z [Modules] Streaming discord_krisp@1 to /home/hydra7/.config/discord/0.0.28/modules/pending/discord_krisp-1.zip: 75%
2023-08-08T13:18:10.059Z [Modules] Streaming discord_krisp@1 to /home/hydra7/.config/discord/0.0.28/modules/pending/discord_krisp-1.zip: 76%
2023-08-08T13:18:10.060Z [Modules] Streaming discord_krisp@1 to /home/hydra7/.config/discord/0.0.28/modules/pending/discord_krisp-1.zip: 77%
2023-08-08T13:18:10.061Z [Modules] Streaming discord_krisp@1 to /home/hydra7/.config/discord/0.0.28/modules/pending/discord_krisp-1.zip: 78%
2023-08-08T13:18:10.063Z [Modules] Streaming discord_krisp@1 to /home/hydra7/.config/discord/0.0.28/modules/pending/discord_krisp-1.zip: 79%
2023-08-08T13:18:10.065Z [Modules] Streaming discord_krisp@1 to /home/hydra7/.config/discord/0.0.28/modules/pending/discord_krisp-1.zip: 80%
2023-08-08T13:18:10.068Z [Modules] Streaming discord_krisp@1 to /home/hydra7/.config/discord/0.0.28/modules/pending/discord_krisp-1.zip: 81%
2023-08-08T13:18:10.263Z [Modules] Streaming discord_krisp@1 to /home/hydra7/.config/discord/0.0.28/modules/pending/discord_krisp-1.zip: 82%
2023-08-08T13:18:10.265Z [Modules] Streaming discord_krisp@1 to /home/hydra7/.config/discord/0.0.28/modules/pending/discord_krisp-1.zip: 83%
2023-08-08T13:18:10.267Z [Modules] Streaming discord_krisp@1 to /home/hydra7/.config/discord/0.0.28/modules/pending/discord_krisp-1.zip: 84%
2023-08-08T13:18:10.269Z [Modules] Streaming discord_krisp@1 to /home/hydra7/.config/discord/0.0.28/modules/pending/discord_krisp-1.zip: 85%
2023-08-08T13:18:10.271Z [Modules] Streaming discord_krisp@1 to /home/hydra7/.config/discord/0.0.28/modules/pending/discord_krisp-1.zip: 86%
2023-08-08T13:18:10.273Z [Modules] Streaming discord_krisp@1 to /home/hydra7/.config/discord/0.0.28/modules/pending/discord_krisp-1.zip: 87%
2023-08-08T13:18:10.275Z [Modules] Streaming discord_krisp@1 to /home/hydra7/.config/discord/0.0.28/modules/pending/discord_krisp-1.zip: 88%
2023-08-08T13:18:10.277Z [Modules] Streaming discord_krisp@1 to /home/hydra7/.config/discord/0.0.28/modules/pending/discord_krisp-1.zip: 89%
2023-08-08T13:18:10.279Z [Modules] Streaming discord_krisp@1 to /home/hydra7/.config/discord/0.0.28/modules/pending/discord_krisp-1.zip: 90%
2023-08-08T13:18:10.281Z [Modules] Streaming discord_krisp@1 to /home/hydra7/.config/discord/0.0.28/modules/pending/discord_krisp-1.zip: 91%
2023-08-08T13:18:10.283Z [Modules] Streaming discord_krisp@1 to /home/hydra7/.config/discord/0.0.28/modules/pending/discord_krisp-1.zip: 92%
2023-08-08T13:18:10.285Z [Modules] Streaming discord_krisp@1 to /home/hydra7/.config/discord/0.0.28/modules/pending/discord_krisp-1.zip: 93%
2023-08-08T13:18:10.287Z [Modules] Streaming discord_krisp@1 to /home/hydra7/.config/discord/0.0.28/modules/pending/discord_krisp-1.zip: 94%
2023-08-08T13:18:10.289Z [Modules] Streaming discord_krisp@1 to /home/hydra7/.config/discord/0.0.28/modules/pending/discord_krisp-1.zip: 95%
2023-08-08T13:18:10.400Z [Modules] Checking for host updates.
2023-08-08T13:18:10.488Z [Modules] Streaming discord_krisp@1 to /home/hydra7/.config/discord/0.0.28/modules/pending/discord_krisp-1.zip: 96%
2023-08-08T13:18:10.490Z [Modules] Streaming discord_krisp@1 to /home/hydra7/.config/discord/0.0.28/modules/pending/discord_krisp-1.zip: 97%
2023-08-08T13:18:10.492Z [Modules] Streaming discord_krisp@1 to /home/hydra7/.config/discord/0.0.28/modules/pending/discord_krisp-1.zip: 98%
2023-08-08T13:18:10.494Z [Modules] Streaming discord_krisp@1 to /home/hydra7/.config/discord/0.0.28/modules/pending/discord_krisp-1.zip: 99%
2023-08-08T13:18:10.495Z [Modules] Streaming discord_krisp@1 to /home/hydra7/.config/discord/0.0.28/modules/pending/discord_krisp-1.zip: 100%
2023-08-08T13:18:10.496Z [Modules] Fetching discord_game_utils@2 from https://discord.com/api/modules/stable/discord_game_utils/2
2023-08-08T13:18:10.497Z [Modules] Streaming discord_game_utils@2 to /home/hydra7/.config/discord/0.0.28/modules/pending/discord_game_utils-2.zip
2023-08-08T13:18:10.497Z [Modules] Installing discord_krisp@1 from /home/hydra7/.config/discord/0.0.28/modules/pending/discord_krisp-1.zip
2023-08-08T13:18:10.666Z [Modules] Host is up to date.
2023-08-08T13:18:10.667Z [Modules] Checking for module updates at https://discord.com/api/modules/stable/versions.json
2023-08-08T13:18:10.672Z [Modules] No module updates available.
2023-08-08T13:18:10.791Z [Modules] Streaming discord_game_utils@2 to /home/hydra7/.config/discord/0.0.28/modules/pending/discord_game_utils-2.zip: 2%
2023-08-08T13:18:10.791Z [Modules] Streaming discord_game_utils@2 to /home/hydra7/.config/discord/0.0.28/modules/pending/discord_game_utils-2.zip: 5%
2023-08-08T13:18:10.792Z [Modules] Streaming discord_game_utils@2 to /home/hydra7/.config/discord/0.0.28/modules/pending/discord_game_utils-2.zip: 10%
2023-08-08T13:18:10.792Z [Modules] Streaming discord_game_utils@2 to /home/hydra7/.config/discord/0.0.28/modules/pending/discord_game_utils-2.zip: 13%
2023-08-08T13:18:10.793Z [Modules] Streaming discord_game_utils@2 to /home/hydra7/.config/discord/0.0.28/modules/pending/discord_game_utils-2.zip: 15%
2023-08-08T13:18:10.793Z [Modules] Streaming discord_game_utils@2 to /home/hydra7/.config/discord/0.0.28/modules/pending/discord_game_utils-2.zip: 18%
2023-08-08T13:18:10.794Z [Modules] Streaming discord_game_utils@2 to /home/hydra7/.config/discord/0.0.28/modules/pending/discord_game_utils-2.zip: 21%
2023-08-08T13:18:10.795Z [Modules] Streaming discord_game_utils@2 to /home/hydra7/.config/discord/0.0.28/modules/pending/discord_game_utils-2.zip: 23%
2023-08-08T13:18:10.795Z [Modules] Streaming discord_game_utils@2 to /home/hydra7/.config/discord/0.0.28/modules/pending/discord_game_utils-2.zip: 28%
2023-08-08T13:18:10.796Z [Modules] Streaming discord_game_utils@2 to /home/hydra7/.config/discord/0.0.28/modules/pending/discord_game_utils-2.zip: 31%
2023-08-08T13:18:10.797Z [Modules] Streaming discord_game_utils@2 to /home/hydra7/.config/discord/0.0.28/modules/pending/discord_game_utils-2.zip: 34%
2023-08-08T13:18:10.797Z [Modules] Streaming discord_game_utils@2 to /home/hydra7/.config/discord/0.0.28/modules/pending/discord_game_utils-2.zip: 36%
2023-08-08T13:18:10.797Z [Modules] Streaming discord_game_utils@2 to /home/hydra7/.config/discord/0.0.28/modules/pending/discord_game_utils-2.zip: 39%
2023-08-08T13:18:10.798Z [Modules] Streaming discord_game_utils@2 to /home/hydra7/.config/discord/0.0.28/modules/pending/discord_game_utils-2.zip: 42%
2023-08-08T13:18:10.799Z [Modules] Streaming discord_game_utils@2 to /home/hydra7/.config/discord/0.0.28/modules/pending/discord_game_utils-2.zip: 44%
2023-08-08T13:18:10.800Z [Modules] Streaming discord_game_utils@2 to /home/hydra7/.config/discord/0.0.28/modules/pending/discord_game_utils-2.zip: 47%
2023-08-08T13:18:10.800Z [Modules] Streaming discord_game_utils@2 to /home/hydra7/.config/discord/0.0.28/modules/pending/discord_game_utils-2.zip: 52%
2023-08-08T13:18:10.801Z [Modules] Streaming discord_game_utils@2 to /home/hydra7/.config/discord/0.0.28/modules/pending/discord_game_utils-2.zip: 54%
2023-08-08T13:18:10.802Z [Modules] Streaming discord_game_utils@2 to /home/hydra7/.config/discord/0.0.28/modules/pending/discord_game_utils-2.zip: 57%
2023-08-08T13:18:10.802Z [Modules] Streaming discord_game_utils@2 to /home/hydra7/.config/discord/0.0.28/modules/pending/discord_game_utils-2.zip: 59%
2023-08-08T13:18:10.802Z [Modules] Streaming discord_game_utils@2 to /home/hydra7/.config/discord/0.0.28/modules/pending/discord_game_utils-2.zip: 62%
2023-08-08T13:18:10.803Z [Modules] Streaming discord_game_utils@2 to /home/hydra7/.config/discord/0.0.28/modules/pending/discord_game_utils-2.zip: 65%
2023-08-08T13:18:10.804Z [Modules] Streaming discord_game_utils@2 to /home/hydra7/.config/discord/0.0.28/modules/pending/discord_game_utils-2.zip: 67%
2023-08-08T13:18:10.804Z [Modules] Streaming discord_game_utils@2 to /home/hydra7/.config/discord/0.0.28/modules/pending/discord_game_utils-2.zip: 70%
2023-08-08T13:18:10.805Z [Modules] Streaming discord_game_utils@2 to /home/hydra7/.config/discord/0.0.28/modules/pending/discord_game_utils-2.zip: 71%
2023-08-08T13:18:10.805Z [Modules] Streaming discord_game_utils@2 to /home/hydra7/.config/discord/0.0.28/modules/pending/discord_game_utils-2.zip: 73%
2023-08-08T13:18:10.806Z [Modules] Streaming discord_game_utils@2 to /home/hydra7/.config/discord/0.0.28/modules/pending/discord_game_utils-2.zip: 78%
2023-08-08T13:18:10.807Z [Modules] Streaming discord_game_utils@2 to /home/hydra7/.config/discord/0.0.28/modules/pending/discord_game_utils-2.zip: 81%
2023-08-08T13:18:10.808Z [Modules] Streaming discord_game_utils@2 to /home/hydra7/.config/discord/0.0.28/modules/pending/discord_game_utils-2.zip: 84%
2023-08-08T13:18:10.808Z [Modules] Streaming discord_game_utils@2 to /home/hydra7/.config/discord/0.0.28/modules/pending/discord_game_utils-2.zip: 88%
2023-08-08T13:18:10.809Z [Modules] Streaming discord_game_utils@2 to /home/hydra7/.config/discord/0.0.28/modules/pending/discord_game_utils-2.zip: 91%
2023-08-08T13:18:10.810Z [Modules] Streaming discord_game_utils@2 to /home/hydra7/.config/discord/0.0.28/modules/pending/discord_game_utils-2.zip: 96%
2023-08-08T13:18:10.811Z [Modules] Streaming discord_game_utils@2 to /home/hydra7/.config/discord/0.0.28/modules/pending/discord_game_utils-2.zip: 99%
2023-08-08T13:18:10.811Z [Modules] Streaming discord_game_utils@2 to /home/hydra7/.config/discord/0.0.28/modules/pending/discord_game_utils-2.zip: 100%
2023-08-08T13:18:10.812Z [Modules] Finished module downloads. [success: 2] [failure: 0]
2023-08-08T13:18:10.988Z [Modules] Starting to install discord_rpc...
2023-08-08T13:18:10.989Z [Modules] Fetching discord_rpc@1 from https://discord.com/api/modules/stable/discord_rpc/1
2023-08-08T13:18:10.989Z [Modules] Streaming discord_rpc@1 to /home/hydra7/.config/discord/0.0.28/modules/pending/discord_rpc-1.zip
2023-08-08T13:18:11.112Z [Modules] Installing discord_game_utils@2 from /home/hydra7/.config/discord/0.0.28/modules/pending/discord_game_utils-2.zip
2023-08-08T13:18:11.192Z [Modules] Finished module installations. [success: 2] [failure: 0]
2023-08-08T13:18:11.301Z [Modules] Streaming discord_rpc@1 to /home/hydra7/.config/discord/0.0.28/modules/pending/discord_rpc-1.zip: 100%
2023-08-08T13:18:11.302Z [Modules] Finished module downloads. [success: 1] [failure: 0]
2023-08-08T13:18:11.302Z [Modules] Installing discord_rpc@1 from /home/hydra7/.config/discord/0.0.28/modules/pending/discord_rpc-1.zip
2023-08-08T13:18:11.334Z [Modules] Finished module installations. [success: 1] [failure: 0]
2023-08-08T14:18:10.401Z [Modules] Checking for host updates.
2023-08-08T14:18:10.726Z [Modules] Host is up to date.
2023-08-08T14:18:10.726Z [Modules] Checking for module updates at https://discord.com/api/modules/stable/versions.json
2023-08-08T14:18:10.774Z [Modules] No module updates available.
2023-08-08T15:18:10.403Z [Modules] Checking for host updates.
2023-08-08T15:18:10.695Z [Modules] Host is up to date.
2023-08-08T15:18:10.696Z [Modules] Checking for module updates at https://discord.com/api/modules/stable/versions.json
2023-08-08T15:18:10.748Z [Modules] No module updates available.
2023-08-08T16:50:16.402Z [Modules] Checking for host updates.
2023-08-08T16:50:16.692Z [Modules] Host is up to date.
2023-08-08T16:50:16.692Z [Modules] Checking for module updates at https://discord.com/api/modules/stable/versions.json
2023-08-08T16:50:16.954Z [Modules] No module updates available.
2023-08-08T17:50:16.400Z [Modules] Checking for host updates.
2023-08-08T17:50:16.684Z [Modules] Host is up to date.
2023-08-08T17:50:16.684Z [Modules] Checking for module updates at https://discord.com/api/modules/stable/versions.json
2023-08-08T17:50:16.727Z [Modules] No module updates available.
2023-08-09T05:36:55.267Z [Modules] Checking for host updates.
2023-08-09T05:36:55.574Z [Modules] Host is up to date.
2023-08-09T05:36:55.574Z [Modules] Checking for module updates at https://discord.com/api/modules/stable/versions.json
2023-08-09T05:36:55.620Z [Modules] No module updates available.
2023-08-09T06:45:57.950Z [Modules] Checking for host updates.
2023-08-09T06:45:58.297Z [Modules] Host is up to date.
2023-08-09T06:45:58.297Z [Modules] Checking for module updates at https://discord.com/api/modules/stable/versions.json
2023-08-09T06:45:58.346Z [Modules] No module updates available.
2023-08-09T07:45:57.950Z [Modules] Checking for host updates.
2023-08-09T07:45:58.234Z [Modules] Host is up to date.
2023-08-09T07:45:58.234Z [Modules] Checking for module updates at https://discord.com/api/modules/stable/versions.json
2023-08-09T07:45:58.281Z [Modules] No module updates available.
2023-08-09T12:50:09.230Z [Modules] Checking for host updates.
2023-08-09T12:50:09.534Z [Modules] Host is up to date.
2023-08-09T12:50:09.535Z [Modules] Checking for module updates at https://discord.com/api/modules/stable/versions.json
2023-08-09T12:50:09.803Z [Modules] No module updates available.
2023-08-09T13:59:32.565Z [Modules] Checking for host updates.
2023-08-09T13:59:32.885Z [Modules] Host is up to date.
2023-08-09T13:59:32.885Z [Modules] Checking for module updates at https://discord.com/api/modules/stable/versions.json
2023-08-09T13:59:32.937Z [Modules] No module updates available.
2023-08-09T15:27:14.203Z [Modules] Checking for host updates.
2023-08-09T15:27:14.498Z [Modules] Host is up to date.
2023-08-09T15:27:14.499Z [Modules] Checking for module updates at https://discord.com/api/modules/stable/versions.json
2023-08-09T15:27:14.541Z [Modules] No module updates available.
2023-08-09T16:27:14.205Z [Modules] Checking for host updates.
2023-08-09T16:27:14.495Z [Modules] Host is up to date.
2023-08-09T16:27:14.495Z [Modules] Checking for module updates at https://discord.com/api/modules/stable/versions.json
2023-08-09T16:27:14.536Z [Modules] No module updates available.
2023-08-09T17:27:14.202Z [Modules] Checking for host updates.
2023-08-09T17:27:14.495Z [Modules] Host is up to date.
2023-08-09T17:27:14.495Z [Modules] Checking for module updates at https://discord.com/api/modules/stable/versions.json
2023-08-09T17:27:14.541Z [Modules] No module updates available.
2023-08-09T18:27:14.203Z [Modules] Checking for host updates.
2023-08-09T18:27:14.496Z [Modules] Host is up to date.
2023-08-09T18:27:14.496Z [Modules] Checking for module updates at https://discord.com/api/modules/stable/versions.json
2023-08-09T18:27:14.537Z [Modules] No module updates available.
2023-08-10T04:45:22.598Z [Modules] Checking for host updates.
2023-08-10T04:45:22.897Z [Modules] Host is up to date.
2023-08-10T04:45:22.897Z [Modules] Checking for module updates at https://discord.com/api/modules/stable/versions.json
2023-08-10T04:45:22.942Z [Modules] No module updates available.
2023-08-10T05:45:21.202Z [Modules] Checking for host updates.
2023-08-10T05:45:21.494Z [Modules] Host is up to date.
2023-08-10T05:45:21.494Z [Modules] Checking for module updates at https://discord.com/api/modules/stable/versions.json
2023-08-10T05:45:21.752Z [Modules] No module updates available.
2023-08-10T07:19:50.202Z [Modules] Checking for host updates.
2023-08-10T07:19:50.488Z [Modules] Host is up to date.
2023-08-10T07:19:50.488Z [Modules] Checking for module updates at https://discord.com/api/modules/stable/versions.json
2023-08-10T07:19:50.533Z [Modules] No module updates available.
2023-08-10T15:51:29.909Z [Modules] Modules initializing
2023-08-10T15:51:29.912Z [Modules] Distribution: remote
2023-08-10T15:51:29.912Z [Modules] Host updates: enabled
2023-08-10T15:51:29.912Z [Modules] Module updates: enabled
2023-08-10T15:51:29.913Z [Modules] Module install path: /home/hydra7/.config/discord/0.0.28/modules
2023-08-10T15:51:29.913Z [Modules] Module installed file path: /home/hydra7/.config/discord/0.0.28/modules/installed.json
2023-08-10T15:51:29.913Z [Modules] Module download path: /home/hydra7/.config/discord/0.0.28/modules/pending
2023-08-10T15:51:30.198Z [Modules] No updates to install
2023-08-10T15:51:30.199Z [Modules] Checking for host updates.
2023-08-10T15:51:30.572Z [Modules] Host is up to date.
2023-08-10T15:51:30.573Z [Modules] Checking for module updates at https://discord.com/api/modules/stable/versions.json
2023-08-10T15:51:30.614Z [Modules] No module updates available.
2023-08-10T15:51:34.344Z [Modules] Checking for host updates.
2023-08-10T15:51:34.607Z [Modules] Host is up to date.
2023-08-10T15:51:34.607Z [Modules] Checking for module updates at https://discord.com/api/modules/stable/versions.json
2023-08-10T15:51:34.611Z [Modules] No module updates available.
2023-08-10T16:51:34.346Z [Modules] Checking for host updates.
2023-08-10T16:51:34.677Z [Modules] Host is up to date.
2023-08-10T16:51:34.677Z [Modules] Checking for module updates at https://discord.com/api/modules/stable/versions.json
2023-08-10T16:51:34.724Z [Modules] No module updates available.
2023-08-11T04:21:51.836Z [Modules] Checking for host updates.
2023-08-11T04:21:52.140Z [Modules] Host is up to date.
2023-08-11T04:21:52.141Z [Modules] Checking for module updates at https://discord.com/api/modules/stable/versions.json
2023-08-11T04:21:52.183Z [Modules] No module updates available.
2023-08-11T07:27:46.655Z [Modules] Checking for host updates.
2023-08-11T07:27:46.942Z [Modules] Host is up to date.
2023-08-11T07:27:46.943Z [Modules] Checking for module updates at https://discord.com/api/modules/stable/versions.json
2023-08-11T07:27:46.987Z [Modules] No module updates available.
2023-08-13T14:06:34.339Z [Modules] Modules initializing
2023-08-13T14:06:34.342Z [Modules] Distribution: remote
2023-08-13T14:06:34.343Z [Modules] Host updates: enabled
2023-08-13T14:06:34.343Z [Modules] Module updates: enabled
2023-08-13T14:06:34.344Z [Modules] Module install path: /home/hydra7/.config/discord/0.0.28/modules
2023-08-13T14:06:34.344Z [Modules] Module installed file path: /home/hydra7/.config/discord/0.0.28/modules/installed.json
2023-08-13T14:06:34.344Z [Modules] Module download path: /home/hydra7/.config/discord/0.0.28/modules/pending
2023-08-13T14:06:34.682Z [Modules] No updates to install
2023-08-13T14:06:34.684Z [Modules] Checking for host updates.
2023-08-13T14:06:35.195Z [Modules] Host is up to date.
2023-08-13T14:06:35.195Z [Modules] Checking for module updates at https://discord.com/api/modules/stable/versions.json
2023-08-13T14:06:35.310Z [Modules] No module updates available.
2023-08-13T14:06:39.496Z [Modules] Checking for host updates.
2023-08-13T14:06:39.775Z [Modules] Host is up to date.
2023-08-13T14:06:39.776Z [Modules] Checking for module updates at https://discord.com/api/modules/stable/versions.json
2023-08-13T14:06:39.782Z [Modules] No module updates available.
2023-08-13T15:06:38.606Z [Modules] Checking for host updates.
2023-08-13T15:06:38.970Z [Modules] Host is up to date.
2023-08-13T15:06:38.970Z [Modules] Checking for module updates at https://discord.com/api/modules/stable/versions.json
2023-08-13T15:06:39.027Z [Modules] No module updates available.
2023-08-16T14:41:11.866Z [Modules] Modules initializing
2023-08-16T14:41:11.869Z [Modules] Distribution: remote
2023-08-16T14:41:11.869Z [Modules] Host updates: enabled
2023-08-16T14:41:11.869Z [Modules] Module updates: enabled
2023-08-16T14:41:11.870Z [Modules] Module install path: /home/hydra7/.config/discord/0.0.28/modules
2023-08-16T14:41:11.870Z [Modules] Module installed file path: /home/hydra7/.config/discord/0.0.28/modules/installed.json
2023-08-16T14:41:11.870Z [Modules] Module download path: /home/hydra7/.config/discord/0.0.28/modules/pending
2023-08-16T14:41:12.204Z [Modules] No updates to install
2023-08-16T14:41:12.205Z [Modules] Checking for host updates.
2023-08-16T14:41:12.644Z [Modules] Host is up to date.
2023-08-16T14:41:12.645Z [Modules] Checking for module updates at https://discord.com/api/modules/stable/versions.json
2023-08-16T14:41:12.761Z [Modules] Module update available: discord_voice@3 [installed: 2]
2023-08-16T14:41:12.762Z [Modules] Fetching discord_voice@3 from https://discord.com/api/modules/stable/discord_voice/3
2023-08-16T14:41:12.763Z [Modules] Streaming discord_voice@3 to /home/hydra7/.config/discord/0.0.28/modules/pending/discord_voice-3.zip
2023-08-16T14:41:13.238Z [Modules] Streaming discord_voice@3 to /home/hydra7/.config/discord/0.0.28/modules/pending/discord_voice-3.zip: 1%
2023-08-16T14:41:13.249Z [Modules] Streaming discord_voice@3 to /home/hydra7/.config/discord/0.0.28/modules/pending/discord_voice-3.zip: 2%
2023-08-16T14:41:13.271Z [Modules] Streaming discord_voice@3 to /home/hydra7/.config/discord/0.0.28/modules/pending/discord_voice-3.zip: 3%
2023-08-16T14:41:13.274Z [Modules] Streaming discord_voice@3 to /home/hydra7/.config/discord/0.0.28/modules/pending/discord_voice-3.zip: 4%
2023-08-16T14:41:13.278Z [Modules] Streaming discord_voice@3 to /home/hydra7/.config/discord/0.0.28/modules/pending/discord_voice-3.zip: 5%
2023-08-16T14:41:13.284Z [Modules] Streaming discord_voice@3 to /home/hydra7/.config/discord/0.0.28/modules/pending/discord_voice-3.zip: 6%
2023-08-16T14:41:13.288Z [Modules] Streaming discord_voice@3 to /home/hydra7/.config/discord/0.0.28/modules/pending/discord_voice-3.zip: 7%
2023-08-16T14:41:13.291Z [Modules] Streaming discord_voice@3 to /home/hydra7/.config/discord/0.0.28/modules/pending/discord_voice-3.zip: 8%
2023-08-16T14:41:13.294Z [Modules] Streaming discord_voice@3 to /home/hydra7/.config/discord/0.0.28/modules/pending/discord_voice-3.zip: 9%
2023-08-16T14:41:13.297Z [Modules] Streaming discord_voice@3 to /home/hydra7/.config/discord/0.0.28/modules/pending/discord_voice-3.zip: 10%
2023-08-16T14:41:13.299Z [Modules] Streaming discord_voice@3 to /home/hydra7/.config/discord/0.0.28/modules/pending/discord_voice-3.zip: 11%
2023-08-16T14:41:13.302Z [Modules] Streaming discord_voice@3 to /home/hydra7/.config/discord/0.0.28/modules/pending/discord_voice-3.zip: 13%
2023-08-16T14:41:13.303Z [Modules] Streaming discord_voice@3 to /home/hydra7/.config/discord/0.0.28/modules/pending/discord_voice-3.zip: 14%
2023-08-16T14:41:13.305Z [Modules] Streaming discord_voice@3 to /home/hydra7/.config/discord/0.0.28/modules/pending/discord_voice-3.zip: 15%
2023-08-16T14:41:13.307Z [Modules] Streaming discord_voice@3 to /home/hydra7/.config/discord/0.0.28/modules/pending/discord_voice-3.zip: 16%
2023-08-16T14:41:13.309Z [Modules] Streaming discord_voice@3 to /home/hydra7/.config/discord/0.0.28/modules/pending/discord_voice-3.zip: 17%
2023-08-16T14:41:13.310Z [Modules] Streaming discord_voice@3 to /home/hydra7/.config/discord/0.0.28/modules/pending/discord_voice-3.zip: 18%
2023-08-16T14:41:13.312Z [Modules] Streaming discord_voice@3 to /home/hydra7/.config/discord/0.0.28/modules/pending/discord_voice-3.zip: 19%
2023-08-16T14:41:13.314Z [Modules] Streaming discord_voice@3 to /home/hydra7/.config/discord/0.0.28/modules/pending/discord_voice-3.zip: 20%
2023-08-16T14:41:13.316Z [Modules] Streaming discord_voice@3 to /home/hydra7/.config/discord/0.0.28/modules/pending/discord_voice-3.zip: 21%
2023-08-16T14:41:13.336Z [Modules] Streaming discord_voice@3 to /home/hydra7/.config/discord/0.0.28/modules/pending/discord_voice-3.zip: 22%
2023-08-16T14:41:13.338Z [Modules] Streaming discord_voice@3 to /home/hydra7/.config/discord/0.0.28/modules/pending/discord_voice-3.zip: 23%
2023-08-16T14:41:13.339Z [Modules] Streaming discord_voice@3 to /home/hydra7/.config/discord/0.0.28/modules/pending/discord_voice-3.zip: 24%
2023-08-16T14:41:13.341Z [Modules] Streaming discord_voice@3 to /home/hydra7/.config/discord/0.0.28/modules/pending/discord_voice-3.zip: 26%
2023-08-16T14:41:13.343Z [Modules] Streaming discord_voice@3 to /home/hydra7/.config/discord/0.0.28/modules/pending/discord_voice-3.zip: 27%
2023-08-16T14:41:13.344Z [Modules] Streaming discord_voice@3 to /home/hydra7/.config/discord/0.0.28/modules/pending/discord_voice-3.zip: 28%
2023-08-16T14:41:13.346Z [Modules] Streaming discord_voice@3 to /home/hydra7/.config/discord/0.0.28/modules/pending/discord_voice-3.zip: 29%
2023-08-16T14:41:13.348Z [Modules] Streaming discord_voice@3 to /home/hydra7/.config/discord/0.0.28/modules/pending/discord_voice-3.zip: 30%
2023-08-16T14:41:13.349Z [Modules] Streaming discord_voice@3 to /home/hydra7/.config/discord/0.0.28/modules/pending/discord_voice-3.zip: 31%
2023-08-16T14:41:13.351Z [Modules] Streaming discord_voice@3 to /home/hydra7/.config/discord/0.0.28/modules/pending/discord_voice-3.zip: 32%
2023-08-16T14:41:13.352Z [Modules] Streaming discord_voice@3 to /home/hydra7/.config/discord/0.0.28/modules/pending/discord_voice-3.zip: 33%
2023-08-16T14:41:13.353Z [Modules] Streaming discord_voice@3 to /home/hydra7/.config/discord/0.0.28/modules/pending/discord_voice-3.zip: 34%
2023-08-16T14:41:13.355Z [Modules] Streaming discord_voice@3 to /home/hydra7/.config/discord/0.0.28/modules/pending/discord_voice-3.zip: 35%
2023-08-16T14:41:13.356Z [Modules] Streaming discord_voice@3 to /home/hydra7/.config/discord/0.0.28/modules/pending/discord_voice-3.zip: 36%
2023-08-16T14:41:13.357Z [Modules] Streaming discord_voice@3 to /home/hydra7/.config/discord/0.0.28/modules/pending/discord_voice-3.zip: 37%
2023-08-16T14:41:13.361Z [Modules] Streaming discord_voice@3 to /home/hydra7/.config/discord/0.0.28/modules/pending/discord_voice-3.zip: 38%
2023-08-16T14:41:13.365Z [Modules] Streaming discord_voice@3 to /home/hydra7/.config/discord/0.0.28/modules/pending/discord_voice-3.zip: 39%
2023-08-16T14:41:13.367Z [Modules] Streaming discord_voice@3 to /home/hydra7/.config/discord/0.0.28/modules/pending/discord_voice-3.zip: 40%
2023-08-16T14:41:13.368Z [Modules] Streaming discord_voice@3 to /home/hydra7/.config/discord/0.0.28/modules/pending/discord_voice-3.zip: 41%
2023-08-16T14:41:13.383Z [Modules] Streaming discord_voice@3 to /home/hydra7/.config/discord/0.0.28/modules/pending/discord_voice-3.zip: 42%
2023-08-16T14:41:13.383Z [Modules] Streaming discord_voice@3 to /home/hydra7/.config/discord/0.0.28/modules/pending/discord_voice-3.zip: 43%
2023-08-16T14:41:13.384Z [Modules] Streaming discord_voice@3 to /home/hydra7/.config/discord/0.0.28/modules/pending/discord_voice-3.zip: 44%
2023-08-16T14:41:13.385Z [Modules] Streaming discord_voice@3 to /home/hydra7/.config/discord/0.0.28/modules/pending/discord_voice-3.zip: 45%
2023-08-16T14:41:13.386Z [Modules] Streaming discord_voice@3 to /home/hydra7/.config/discord/0.0.28/modules/pending/discord_voice-3.zip: 46%
2023-08-16T14:41:13.387Z [Modules] Streaming discord_voice@3 to /home/hydra7/.config/discord/0.0.28/modules/pending/discord_voice-3.zip: 47%
2023-08-16T14:41:13.388Z [Modules] Streaming discord_voice@3 to /home/hydra7/.config/discord/0.0.28/modules/pending/discord_voice-3.zip: 48%
2023-08-16T14:41:13.389Z [Modules] Streaming discord_voice@3 to /home/hydra7/.config/discord/0.0.28/modules/pending/discord_voice-3.zip: 49%
2023-08-16T14:41:13.390Z [Modules] Streaming discord_voice@3 to /home/hydra7/.config/discord/0.0.28/modules/pending/discord_voice-3.zip: 50%
2023-08-16T14:41:13.391Z [Modules] Streaming discord_voice@3 to /home/hydra7/.config/discord/0.0.28/modules/pending/discord_voice-3.zip: 51%
2023-08-16T14:41:13.391Z [Modules] Streaming discord_voice@3 to /home/hydra7/.config/discord/0.0.28/modules/pending/discord_voice-3.zip: 52%
2023-08-16T14:41:13.446Z [Modules] Streaming discord_voice@3 to /home/hydra7/.config/discord/0.0.28/modules/pending/discord_voice-3.zip: 53%
2023-08-16T14:41:13.449Z [Modules] Streaming discord_voice@3 to /home/hydra7/.config/discord/0.0.28/modules/pending/discord_voice-3.zip: 54%
2023-08-16T14:41:13.452Z [Modules] Streaming discord_voice@3 to /home/hydra7/.config/discord/0.0.28/modules/pending/discord_voice-3.zip: 55%
2023-08-16T14:41:13.453Z [Modules] Streaming discord_voice@3 to /home/hydra7/.config/discord/0.0.28/modules/pending/discord_voice-3.zip: 56%
2023-08-16T14:41:13.473Z [Modules] Streaming discord_voice@3 to /home/hydra7/.config/discord/0.0.28/modules/pending/discord_voice-3.zip: 57%
2023-08-16T14:41:13.475Z [Modules] Streaming discord_voice@3 to /home/hydra7/.config/discord/0.0.28/modules/pending/discord_voice-3.zip: 58%
2023-08-16T14:41:13.476Z [Modules] Streaming discord_voice@3 to /home/hydra7/.config/discord/0.0.28/modules/pending/discord_voice-3.zip: 59%
2023-08-16T14:41:13.478Z [Modules] Streaming discord_voice@3 to /home/hydra7/.config/discord/0.0.28/modules/pending/discord_voice-3.zip: 60%
2023-08-16T14:41:13.479Z [Modules] Streaming discord_voice@3 to /home/hydra7/.config/discord/0.0.28/modules/pending/discord_voice-3.zip: 61%
2023-08-16T14:41:13.481Z [Modules] Streaming discord_voice@3 to /home/hydra7/.config/discord/0.0.28/modules/pending/discord_voice-3.zip: 62%
2023-08-16T14:41:13.483Z [Modules] Streaming discord_voice@3 to /home/hydra7/.config/discord/0.0.28/modules/pending/discord_voice-3.zip: 63%
2023-08-16T14:41:13.484Z [Modules] Streaming discord_voice@3 to /home/hydra7/.config/discord/0.0.28/modules/pending/discord_voice-3.zip: 64%
2023-08-16T14:41:13.486Z [Modules] Streaming discord_voice@3 to /home/hydra7/.config/discord/0.0.28/modules/pending/discord_voice-3.zip: 66%
2023-08-16T14:41:13.488Z [Modules] Streaming discord_voice@3 to /home/hydra7/.config/discord/0.0.28/modules/pending/discord_voice-3.zip: 69%
2023-08-16T14:41:13.490Z [Modules] Streaming discord_voice@3 to /home/hydra7/.config/discord/0.0.28/modules/pending/discord_voice-3.zip: 71%
2023-08-16T14:41:13.491Z [Modules] Streaming discord_voice@3 to /home/hydra7/.config/discord/0.0.28/modules/pending/discord_voice-3.zip: 72%
2023-08-16T14:41:13.509Z [Modules] Streaming discord_voice@3 to /home/hydra7/.config/discord/0.0.28/modules/pending/discord_voice-3.zip: 73%
2023-08-16T14:41:13.512Z [Modules] Streaming discord_voice@3 to /home/hydra7/.config/discord/0.0.28/modules/pending/discord_voice-3.zip: 74%
2023-08-16T14:41:13.514Z [Modules] Streaming discord_voice@3 to /home/hydra7/.config/discord/0.0.28/modules/pending/discord_voice-3.zip: 75%
2023-08-16T14:41:13.516Z [Modules] Streaming discord_voice@3 to /home/hydra7/.config/discord/0.0.28/modules/pending/discord_voice-3.zip: 76%
2023-08-16T14:41:13.535Z [Modules] Streaming discord_voice@3 to /home/hydra7/.config/discord/0.0.28/modules/pending/discord_voice-3.zip: 77%
2023-08-16T14:41:13.538Z [Modules] Streaming discord_voice@3 to /home/hydra7/.config/discord/0.0.28/modules/pending/discord_voice-3.zip: 78%
2023-08-16T14:41:13.539Z [Modules] Streaming discord_voice@3 to /home/hydra7/.config/discord/0.0.28/modules/pending/discord_voice-3.zip: 79%
2023-08-16T14:41:13.541Z [Modules] Streaming discord_voice@3 to /home/hydra7/.config/discord/0.0.28/modules/pending/discord_voice-3.zip: 80%
2023-08-16T14:41:13.542Z [Modules] Streaming discord_voice@3 to /home/hydra7/.config/discord/0.0.28/modules/pending/discord_voice-3.zip: 81%
2023-08-16T14:41:13.544Z [Modules] Streaming discord_voice@3 to /home/hydra7/.config/discord/0.0.28/modules/pending/discord_voice-3.zip: 82%
2023-08-16T14:41:13.550Z [Modules] Streaming discord_voice@3 to /home/hydra7/.config/discord/0.0.28/modules/pending/discord_voice-3.zip: 83%
2023-08-16T14:41:13.552Z [Modules] Streaming discord_voice@3 to /home/hydra7/.config/discord/0.0.28/modules/pending/discord_voice-3.zip: 85%
2023-08-16T14:41:13.554Z [Modules] Streaming discord_voice@3 to /home/hydra7/.config/discord/0.0.28/modules/pending/discord_voice-3.zip: 86%
2023-08-16T14:41:13.556Z [Modules] Streaming discord_voice@3 to /home/hydra7/.config/discord/0.0.28/modules/pending/discord_voice-3.zip: 87%
2023-08-16T14:41:13.558Z [Modules] Streaming discord_voice@3 to /home/hydra7/.config/discord/0.0.28/modules/pending/discord_voice-3.zip: 88%
2023-08-16T14:41:13.561Z [Modules] Streaming discord_voice@3 to /home/hydra7/.config/discord/0.0.28/modules/pending/discord_voice-3.zip: 89%
2023-08-16T14:41:13.563Z [Modules] Streaming discord_voice@3 to /home/hydra7/.config/discord/0.0.28/modules/pending/discord_voice-3.zip: 90%
2023-08-16T14:41:13.566Z [Modules] Streaming discord_voice@3 to /home/hydra7/.config/discord/0.0.28/modules/pending/discord_voice-3.zip: 91%
2023-08-16T14:41:13.567Z [Modules] Streaming discord_voice@3 to /home/hydra7/.config/discord/0.0.28/modules/pending/discord_voice-3.zip: 92%
2023-08-16T14:41:13.569Z [Modules] Streaming discord_voice@3 to /home/hydra7/.config/discord/0.0.28/modules/pending/discord_voice-3.zip: 93%
2023-08-16T14:41:13.571Z [Modules] Streaming discord_voice@3 to /home/hydra7/.config/discord/0.0.28/modules/pending/discord_voice-3.zip: 94%
2023-08-16T14:41:13.573Z [Modules] Streaming discord_voice@3 to /home/hydra7/.config/discord/0.0.28/modules/pending/discord_voice-3.zip: 95%
2023-08-16T14:41:13.574Z [Modules] Streaming discord_voice@3 to /home/hydra7/.config/discord/0.0.28/modules/pending/discord_voice-3.zip: 96%
2023-08-16T14:41:13.576Z [Modules] Streaming discord_voice@3 to /home/hydra7/.config/discord/0.0.28/modules/pending/discord_voice-3.zip: 98%
2023-08-16T14:41:13.578Z [Modules] Streaming discord_voice@3 to /home/hydra7/.config/discord/0.0.28/modules/pending/discord_voice-3.zip: 100%
2023-08-16T14:41:13.582Z [Modules] Finished module downloads. [success: 1] [failure: 0]
2023-08-16T14:41:13.583Z [Modules] Installing updates...
2023-08-16T14:41:13.584Z [Modules] Installing discord_voice@3 from /home/hydra7/.config/discord/0.0.28/modules/pending/discord_voice-3.zip
2023-08-16T14:41:14.546Z [Modules] Finished module installations. [success: 1] [failure: 0]
2023-08-16T14:41:14.547Z [Modules] Checking for host updates.
2023-08-16T14:41:14.913Z [Modules] Host is up to date.
2023-08-16T14:41:14.913Z [Modules] Checking for module updates at https://discord.com/api/modules/stable/versions.json
2023-08-16T14:41:14.918Z [Modules] No module updates available.
2023-08-16T14:41:18.889Z [Modules] Checking for host updates.
2023-08-16T14:41:19.168Z [Modules] Host is up to date.
2023-08-16T14:41:19.168Z [Modules] Checking for module updates at https://discord.com/api/modules/stable/versions.json
2023-08-16T14:41:19.173Z [Modules] No module updates available.
2023-08-16T15:41:18.891Z [Modules] Checking for host updates.
2023-08-16T15:41:19.184Z [Modules] Host is up to date.
2023-08-16T15:41:19.184Z [Modules] Checking for module updates at https://discord.com/api/modules/stable/versions.json
2023-08-16T15:41:19.232Z [Modules] No module updates available.
2023-08-16T16:41:18.893Z [Modules] Checking for host updates.
2023-08-16T16:41:19.185Z [Modules] Host is up to date.
2023-08-16T16:41:19.186Z [Modules] Checking for module updates at https://discord.com/api/modules/stable/versions.json
2023-08-16T16:41:19.228Z [Modules] No module updates available.
2023-08-16T17:41:18.892Z [Modules] Checking for host updates.
2023-08-16T17:41:19.191Z [Modules] Host is up to date.
2023-08-16T17:41:19.191Z [Modules] Checking for module updates at https://discord.com/api/modules/stable/versions.json
2023-08-16T17:41:19.238Z [Modules] No module updates available.
2023-08-16T18:41:18.891Z [Modules] Checking for host updates.
2023-08-16T18:41:19.177Z [Modules] Host is up to date.
2023-08-16T18:41:19.177Z [Modules] Checking for module updates at https://discord.com/api/modules/stable/versions.json
2023-08-16T18:41:19.226Z [Modules] No module updates available.
2023-08-16T19:41:18.893Z [Modules] Checking for host updates.
2023-08-16T19:41:19.176Z [Modules] Host is up to date.
2023-08-16T19:41:19.176Z [Modules] Checking for module updates at https://discord.com/api/modules/stable/versions.json
2023-08-16T19:41:19.217Z [Modules] No module updates available.
2023-08-16T20:41:18.893Z [Modules] Checking for host updates.
2023-08-16T20:41:19.179Z [Modules] Host is up to date.
2023-08-16T20:41:19.179Z [Modules] Checking for module updates at https://discord.com/api/modules/stable/versions.json
2023-08-16T20:41:19.476Z [Modules] No module updates available.
2023-08-16T21:41:18.893Z [Modules] Checking for host updates.
2023-08-16T21:41:19.177Z [Modules] Host is up to date.
2023-08-16T21:41:19.177Z [Modules] Checking for module updates at https://discord.com/api/modules/stable/versions.json
2023-08-16T21:41:19.218Z [Modules] No module updates available.
2023-08-16T22:41:18.893Z [Modules] Checking for host updates.
2023-08-16T22:41:19.188Z [Modules] Host is up to date.
2023-08-16T22:41:19.188Z [Modules] Checking for module updates at https://discord.com/api/modules/stable/versions.json
2023-08-16T22:41:19.462Z [Modules] No module updates available.
2023-08-16T23:41:18.893Z [Modules] Checking for host updates.
2023-08-16T23:41:19.191Z [Modules] Host is up to date.
2023-08-16T23:41:19.191Z [Modules] Checking for module updates at https://discord.com/api/modules/stable/versions.json
2023-08-16T23:41:19.233Z [Modules] No module updates available.
2023-08-17T00:41:18.893Z [Modules] Checking for host updates.
2023-08-17T00:41:19.181Z [Modules] Host is up to date.
2023-08-17T00:41:19.181Z [Modules] Checking for module updates at https://discord.com/api/modules/stable/versions.json
2023-08-17T00:41:19.222Z [Modules] No module updates available.
2023-08-17T01:41:18.893Z [Modules] Checking for host updates.
2023-08-17T01:41:19.186Z [Modules] Host is up to date.
2023-08-17T01:41:19.187Z [Modules] Checking for module updates at https://discord.com/api/modules/stable/versions.json
2023-08-17T01:41:19.227Z [Modules] No module updates available.
2023-08-17T02:41:18.893Z [Modules] Checking for host updates.
2023-08-17T02:41:19.206Z [Modules] Host is up to date.
2023-08-17T02:41:19.206Z [Modules] Checking for module updates at https://discord.com/api/modules/stable/versions.json
2023-08-17T02:41:19.250Z [Modules] No module updates available.
2023-08-17T03:41:18.893Z [Modules] Checking for host updates.
2023-08-17T03:41:19.218Z [Modules] Host is up to date.
2023-08-17T03:41:19.218Z [Modules] Checking for module updates at https://discord.com/api/modules/stable/versions.json
2023-08-17T03:41:19.264Z [Modules] No module updates available.
2023-08-17T04:41:18.893Z [Modules] Checking for host updates.
2023-08-17T04:41:19.182Z [Modules] Host is up to date.
2023-08-17T04:41:19.182Z [Modules] Checking for module updates at https://discord.com/api/modules/stable/versions.json
2023-08-17T04:41:19.226Z [Modules] No module updates available.
2023-08-17T05:41:18.893Z [Modules] Checking for host updates.
2023-08-17T05:41:19.182Z [Modules] Host is up to date.
2023-08-17T05:41:19.182Z [Modules] Checking for module updates at https://discord.com/api/modules/stable/versions.json
2023-08-17T05:41:19.241Z [Modules] No module updates available.
2023-08-17T06:41:18.893Z [Modules] Checking for host updates.
2023-08-17T06:41:19.191Z [Modules] Host is up to date.
2023-08-17T06:41:19.191Z [Modules] Checking for module updates at https://discord.com/api/modules/stable/versions.json
2023-08-17T06:41:19.239Z [Modules] No module updates available.
2023-08-17T07:41:18.893Z [Modules] Checking for host updates.
2023-08-17T07:41:19.211Z [Modules] Host is up to date.
2023-08-17T07:41:19.211Z [Modules] Checking for module updates at https://discord.com/api/modules/stable/versions.json
2023-08-17T07:41:19.264Z [Modules] No module updates available.
2023-08-17T08:41:18.890Z [Modules] Checking for host updates.
2023-08-17T08:41:19.197Z [Modules] Host is up to date.
2023-08-17T08:41:19.198Z [Modules] Checking for module updates at https://discord.com/api/modules/stable/versions.json
2023-08-17T08:41:19.249Z [Modules] No module updates available.
2023-08-17T09:41:18.893Z [Modules] Checking for host updates.
2023-08-17T09:41:19.193Z [Modules] Host is up to date.
2023-08-17T09:41:19.193Z [Modules] Checking for module updates at https://discord.com/api/modules/stable/versions.json
2023-08-17T09:41:19.239Z [Modules] No module updates available.
2023-08-17T10:41:18.894Z [Modules] Checking for host updates.
2023-08-17T10:41:19.200Z [Modules] Host is up to date.
2023-08-17T10:41:19.200Z [Modules] Checking for module updates at https://discord.com/api/modules/stable/versions.json
2023-08-17T10:41:19.247Z [Modules] No module updates available.
2023-08-17T11:41:18.895Z [Modules] Checking for host updates.
2023-08-17T11:41:19.186Z [Modules] Host is up to date.
2023-08-17T11:41:19.187Z [Modules] Checking for module updates at https://discord.com/api/modules/stable/versions.json
2023-08-17T11:41:19.237Z [Modules] No module updates available.
2023-08-17T12:41:18.893Z [Modules] Checking for host updates.
2023-08-17T12:41:19.182Z [Modules] Host is up to date.
2023-08-17T12:41:19.182Z [Modules] Checking for module updates at https://discord.com/api/modules/stable/versions.json
2023-08-17T12:41:19.232Z [Modules] No module updates available.
2023-08-17T13:41:18.893Z [Modules] Checking for host updates.
2023-08-17T13:41:19.188Z [Modules] Host is up to date.
2023-08-17T13:41:19.188Z [Modules] Checking for module updates at https://discord.com/api/modules/stable/versions.json
2023-08-17T13:41:19.233Z [Modules] No module updates available.
2023-08-17T14:41:18.893Z [Modules] Checking for host updates.
2023-08-17T14:41:19.183Z [Modules] Host is up to date.
2023-08-17T14:41:19.183Z [Modules] Checking for module updates at https://discord.com/api/modules/stable/versions.json
2023-08-17T14:41:19.225Z [Modules] No module updates available.
2023-08-17T15:41:18.891Z [Modules] Checking for host updates.
2023-08-17T15:41:19.244Z [Modules] Host is up to date.
2023-08-17T15:41:19.244Z [Modules] Checking for module updates at https://discord.com/api/modules/stable/versions.json
2023-08-17T15:41:19.291Z [Modules] No module updates available.
2023-08-17T16:41:18.893Z [Modules] Checking for host updates.
2023-08-17T16:41:19.177Z [Modules] Host is up to date.
2023-08-17T16:41:19.177Z [Modules] Checking for module updates at https://discord.com/api/modules/stable/versions.json
2023-08-17T16:41:19.220Z [Modules] No module updates available.
2023-08-17T17:41:18.893Z [Modules] Checking for host updates.
2023-08-17T17:41:19.185Z [Modules] Host is up to date.
2023-08-17T17:41:19.185Z [Modules] Checking for module updates at https://discord.com/api/modules/stable/versions.json
2023-08-17T17:41:19.227Z [Modules] No module updates available.
2023-08-17T18:41:18.893Z [Modules] Checking for host updates.
2023-08-17T18:41:19.186Z [Modules] Host is up to date.
2023-08-17T18:41:19.186Z [Modules] Checking for module updates at https://discord.com/api/modules/stable/versions.json
2023-08-17T18:41:19.226Z [Modules] No module updates available.
2023-08-17T19:41:18.891Z [Modules] Checking for host updates.
2023-08-17T19:41:19.188Z [Modules] Host is up to date.
2023-08-17T19:41:19.188Z [Modules] Checking for module updates at https://discord.com/api/modules/stable/versions.json
2023-08-17T19:41:19.230Z [Modules] No module updates available.
2023-08-17T20:41:18.893Z [Modules] Checking for host updates.
2023-08-17T20:41:19.199Z [Modules] Host is up to date.
2023-08-17T20:41:19.199Z [Modules] Checking for module updates at https://discord.com/api/modules/stable/versions.json
2023-08-17T20:41:19.461Z [Modules] No module updates available.
2023-08-17T21:41:18.893Z [Modules] Checking for host updates.
2023-08-17T21:41:19.197Z [Modules] Host is up to date.
2023-08-17T21:41:19.197Z [Modules] Checking for module updates at https://discord.com/api/modules/stable/versions.json
2023-08-17T21:41:19.240Z [Modules] No module updates available.
2023-08-17T22:41:18.890Z [Modules] Checking for host updates.
2023-08-17T22:41:19.188Z [Modules] Host is up to date.
2023-08-17T22:41:19.188Z [Modules] Checking for module updates at https://discord.com/api/modules/stable/versions.json
2023-08-17T22:41:19.450Z [Modules] No module updates available.
2023-08-17T23:41:18.893Z [Modules] Checking for host updates.
2023-08-17T23:41:19.188Z [Modules] Host is up to date.
2023-08-17T23:41:19.188Z [Modules] Checking for module updates at https://discord.com/api/modules/stable/versions.json
2023-08-17T23:41:19.232Z [Modules] No module updates available.
2023-08-18T00:41:18.890Z [Modules] Checking for host updates.
2023-08-18T00:41:19.190Z [Modules] Host is up to date.
2023-08-18T00:41:19.190Z [Modules] Checking for module updates at https://discord.com/api/modules/stable/versions.json
2023-08-18T00:41:19.240Z [Modules] No module updates available.
