2023-08-15 20:11:39.897 [info] Reading sessions from keychain...
2023-08-15 20:11:39.897 [info] Getting sessions for all scopes...
2023-08-15 20:11:39.897 [info] Getting sessions for user:email...
2023-08-15 20:11:39.897 [info] Got stored sessions!
2023-08-15 20:11:39.897 [info] Got 1 verified sessions.
2023-08-15 20:11:39.897 [info] Got 1 sessions for ...
2023-08-15 20:11:39.897 [info] Got 1 sessions for user:email...
2023-08-15 20:11:41.797 [info] Getting sessions for all scopes...
2023-08-15 20:11:41.797 [info] Got 1 sessions for ...
2023-08-15 20:11:41.910 [info] Getting sessions for user:email...
2023-08-15 20:11:41.910 [info] Got 1 sessions for user:email...
2023-08-15 20:11:41.952 [info] Getting sessions for read:user...
2023-08-15 20:11:41.952 [info] Got 0 sessions for read:user...
2023-08-15 20:11:42.066 [info] Getting sessions for user:email...
2023-08-15 20:11:42.066 [info] Got 1 sessions for user:email...
2023-08-15 20:11:42.999 [info] Getting sessions for user:email...
2023-08-15 20:11:42.999 [info] Got 1 sessions for user:email...
2023-08-15 20:12:03.666 [info] Reading sessions from keychain...
2023-08-15 20:12:03.666 [info] Getting sessions for all scopes...
2023-08-15 20:12:03.667 [info] Got stored sessions!
2023-08-15 20:12:03.667 [info] Got 1 verified sessions.
2023-08-15 20:12:03.667 [info] Got 1 sessions for ...
2023-08-15 20:12:03.667 [info] Getting sessions for user:email...
2023-08-15 20:12:03.667 [info] Got 1 sessions for user:email...
2023-08-15 20:12:03.667 [info] Getting sessions for all scopes...
2023-08-15 20:12:03.667 [info] Got 1 sessions for ...
2023-08-15 20:12:03.667 [info] Getting sessions for user:email...
2023-08-15 20:12:03.667 [info] Got 1 sessions for user:email...
2023-08-15 20:12:03.773 [info] Getting sessions for read:user...
2023-08-15 20:12:03.773 [info] Got 0 sessions for read:user...
2023-08-15 20:12:03.971 [info] Getting sessions for all scopes...
2023-08-15 20:12:03.971 [info] Got 1 sessions for ...
2023-08-15 20:12:04.135 [info] Getting sessions for user:email...
2023-08-15 20:12:04.135 [info] Got 1 sessions for user:email...
2023-08-15 20:12:04.752 [info] Getting sessions for user:email...
2023-08-15 20:12:04.752 [info] Got 1 sessions for user:email...
2023-08-15 20:37:04.755 [info] Getting sessions for user:email...
2023-08-15 20:37:04.755 [info] Got 1 sessions for user:email...
2023-08-15 20:37:04.827 [info] Getting sessions for read:user...
2023-08-15 20:37:04.828 [info] Got 0 sessions for read:user...
2023-08-15 20:37:04.830 [info] Getting sessions for user:email...
2023-08-15 20:37:04.830 [info] Got 1 sessions for user:email...
2023-08-15 20:37:05.274 [info] Getting sessions for user:email...
2023-08-15 20:37:05.274 [info] Got 1 sessions for user:email...
2023-08-15 21:02:05.276 [info] Getting sessions for user:email...
2023-08-15 21:02:05.276 [info] Got 1 sessions for user:email...
2023-08-15 21:02:05.384 [info] Getting sessions for read:user...
2023-08-15 21:02:05.384 [info] Got 0 sessions for read:user...
2023-08-15 21:02:05.385 [info] Getting sessions for user:email...
2023-08-15 21:02:05.385 [info] Got 1 sessions for user:email...
2023-08-15 21:02:05.776 [info] Getting sessions for user:email...
2023-08-15 21:02:05.776 [info] Got 1 sessions for user:email...
2023-08-15 21:27:05.779 [info] Getting sessions for user:email...
2023-08-15 21:27:05.779 [info] Got 1 sessions for user:email...
2023-08-15 21:27:05.874 [info] Getting sessions for read:user...
2023-08-15 21:27:05.874 [info] Got 0 sessions for read:user...
2023-08-15 21:27:05.877 [info] Getting sessions for user:email...
2023-08-15 21:27:05.877 [info] Got 1 sessions for user:email...
2023-08-15 21:27:06.286 [info] Getting sessions for user:email...
2023-08-15 21:27:06.286 [info] Got 1 sessions for user:email...
2023-08-15 21:52:06.290 [info] Getting sessions for user:email...
2023-08-15 21:52:06.290 [info] Got 1 sessions for user:email...
2023-08-15 21:52:06.442 [info] Getting sessions for read:user...
2023-08-15 21:52:06.442 [info] Got 0 sessions for read:user...
2023-08-15 21:52:06.445 [info] Getting sessions for user:email...
2023-08-15 21:52:06.445 [info] Got 1 sessions for user:email...
2023-08-15 21:52:06.785 [info] Getting sessions for user:email...
2023-08-15 21:52:06.785 [info] Got 1 sessions for user:email...
2023-08-15 22:17:06.791 [info] Getting sessions for user:email...
2023-08-15 22:17:06.791 [info] Got 1 sessions for user:email...
2023-08-15 22:17:06.997 [info] Getting sessions for read:user...
2023-08-15 22:17:06.997 [info] Got 0 sessions for read:user...
2023-08-15 22:17:07.001 [info] Getting sessions for user:email...
2023-08-15 22:17:07.001 [info] Got 1 sessions for user:email...
2023-08-15 22:17:07.372 [info] Getting sessions for user:email...
2023-08-15 22:17:07.372 [info] Got 1 sessions for user:email...
2023-08-15 22:42:07.375 [info] Getting sessions for user:email...
2023-08-15 22:42:07.375 [info] Got 1 sessions for user:email...
2023-08-15 22:42:07.522 [info] Getting sessions for read:user...
2023-08-15 22:42:07.522 [info] Got 0 sessions for read:user...
2023-08-15 22:42:07.524 [info] Getting sessions for user:email...
2023-08-15 22:42:07.525 [info] Got 1 sessions for user:email...
2023-08-15 22:42:07.875 [info] Getting sessions for user:email...
2023-08-15 22:42:07.875 [info] Got 1 sessions for user:email...
2023-08-15 23:07:07.882 [info] Getting sessions for user:email...
2023-08-15 23:07:07.882 [info] Got 1 sessions for user:email...
2023-08-15 23:07:08.022 [info] Getting sessions for read:user...
2023-08-15 23:07:08.022 [info] Got 0 sessions for read:user...
2023-08-15 23:07:08.023 [info] Getting sessions for user:email...
2023-08-15 23:07:08.023 [info] Got 1 sessions for user:email...
2023-08-15 23:07:08.404 [info] Getting sessions for user:email...
2023-08-15 23:07:08.404 [info] Got 1 sessions for user:email...
2023-08-15 23:32:08.409 [info] Getting sessions for user:email...
2023-08-15 23:32:08.409 [info] Got 1 sessions for user:email...
2023-08-15 23:32:08.483 [info] Getting sessions for read:user...
2023-08-15 23:32:08.483 [info] Got 0 sessions for read:user...
2023-08-15 23:32:08.485 [info] Getting sessions for user:email...
2023-08-15 23:32:08.485 [info] Got 1 sessions for user:email...
2023-08-15 23:32:08.939 [info] Getting sessions for user:email...
2023-08-15 23:32:08.939 [info] Got 1 sessions for user:email...
2023-08-15 23:57:08.963 [info] Getting sessions for user:email...
2023-08-15 23:57:08.963 [info] Got 1 sessions for user:email...
2023-08-15 23:57:08.983 [info] Getting sessions for read:user...
2023-08-15 23:57:08.983 [info] Got 0 sessions for read:user...
2023-08-15 23:57:08.985 [info] Getting sessions for user:email...
2023-08-15 23:57:08.985 [info] Got 1 sessions for user:email...
2023-08-15 23:57:09.481 [info] Getting sessions for user:email...
2023-08-15 23:57:09.481 [info] Got 1 sessions for user:email...
