2023-08-10 11:55:18.053 [info] Reading sessions from keychain...
2023-08-10 11:55:18.053 [info] Getting sessions for all scopes...
2023-08-10 11:55:18.053 [info] Getting sessions for user:email...
2023-08-10 11:55:18.053 [info] Got stored sessions!
2023-08-10 11:55:18.053 [info] Got 1 verified sessions.
2023-08-10 11:55:18.053 [info] Got 1 sessions for ...
2023-08-10 11:55:18.053 [info] Got 1 sessions for user:email...
2023-08-10 11:55:18.053 [info] Getting sessions for all scopes...
2023-08-10 11:55:18.053 [info] Got 1 sessions for ...
2023-08-10 11:55:18.053 [info] Getting sessions for user:email...
2023-08-10 11:55:18.053 [info] Got 1 sessions for user:email...
2023-08-10 11:55:18.088 [info] Getting sessions for read:user...
2023-08-10 11:55:18.088 [info] Got 0 sessions for read:user...
2023-08-10 11:55:18.089 [info] Getting sessions for all scopes...
2023-08-10 11:55:18.089 [info] Got 1 sessions for ...
2023-08-10 11:55:18.099 [info] Getting sessions for user:email...
2023-08-10 11:55:18.099 [info] Got 1 sessions for user:email...
2023-08-10 11:55:19.310 [info] Getting sessions for user:email...
2023-08-10 11:55:19.310 [info] Got 1 sessions for user:email...
2023-08-10 12:20:17.713 [info] Getting sessions for user:email...
2023-08-10 12:20:17.713 [info] Got 1 sessions for user:email...
2023-08-10 12:20:17.774 [info] Getting sessions for read:user...
2023-08-10 12:20:17.774 [info] Got 0 sessions for read:user...
2023-08-10 12:20:17.775 [info] Getting sessions for user:email...
2023-08-10 12:20:17.776 [info] Got 1 sessions for user:email...
2023-08-10 12:20:18.241 [info] Getting sessions for user:email...
2023-08-10 12:20:18.241 [info] Got 1 sessions for user:email...
2023-08-10 12:45:18.297 [info] Getting sessions for user:email...
2023-08-10 12:45:18.298 [info] Got 1 sessions for user:email...
2023-08-10 12:45:18.298 [info] Getting sessions for read:user...
2023-08-10 12:45:18.298 [info] Got 0 sessions for read:user...
2023-08-10 12:45:18.313 [info] Getting sessions for user:email...
2023-08-10 12:45:18.313 [info] Got 1 sessions for user:email...
2023-08-10 12:45:18.819 [info] Getting sessions for user:email...
2023-08-10 12:45:18.819 [info] Got 1 sessions for user:email...
2023-08-10 13:10:18.873 [info] Getting sessions for user:email...
2023-08-10 13:10:18.874 [info] Got 1 sessions for user:email...
2023-08-10 13:10:18.874 [info] Getting sessions for read:user...
2023-08-10 13:10:18.874 [info] Got 0 sessions for read:user...
2023-08-10 13:10:18.886 [info] Getting sessions for user:email...
2023-08-10 13:10:18.886 [info] Got 1 sessions for user:email...
2023-08-10 13:10:19.397 [info] Getting sessions for user:email...
2023-08-10 13:10:19.397 [info] Got 1 sessions for user:email...
2023-08-10 14:09:48.399 [info] Getting sessions for user:email...
2023-08-10 14:09:48.399 [info] Got 1 sessions for user:email...
2023-08-10 14:09:48.414 [info] Getting sessions for read:user...
2023-08-10 14:09:48.414 [info] Got 0 sessions for read:user...
2023-08-10 14:09:48.416 [info] Getting sessions for user:email...
2023-08-10 14:09:48.416 [info] Got 1 sessions for user:email...
2023-08-10 14:09:48.901 [info] Getting sessions for user:email...
2023-08-10 14:09:48.901 [info] Got 1 sessions for user:email...
2023-08-10 14:34:48.892 [info] Getting sessions for read:user...
2023-08-10 14:34:48.892 [info] Got 0 sessions for read:user...
2023-08-10 14:34:48.895 [info] Getting sessions for user:email...
2023-08-10 14:34:48.895 [info] Got 1 sessions for user:email...
2023-08-10 14:34:48.903 [info] Getting sessions for user:email...
2023-08-10 14:34:48.903 [info] Got 1 sessions for user:email...
2023-08-10 14:34:49.490 [info] Getting sessions for user:email...
2023-08-10 14:34:49.490 [info] Got 1 sessions for user:email...
