2023-08-10 18:59:48.125 [info] Reading sessions from keychain...
2023-08-10 18:59:48.125 [info] Getting sessions for all scopes...
2023-08-10 18:59:48.125 [info] Got stored sessions!
2023-08-10 18:59:48.125 [info] Got 1 verified sessions.
2023-08-10 18:59:48.125 [info] Got 1 sessions for ...
2023-08-10 18:59:48.125 [info] Getting sessions for user:email...
2023-08-10 18:59:48.125 [info] Got 1 sessions for user:email...
2023-08-10 18:59:48.125 [info] Getting sessions for user:email...
2023-08-10 18:59:48.125 [info] Got 1 sessions for user:email...
2023-08-10 18:59:48.125 [info] Getting sessions for all scopes...
2023-08-10 18:59:48.125 [info] Got 1 sessions for ...
2023-08-10 18:59:48.125 [info] Getting sessions for read:user...
2023-08-10 18:59:48.125 [info] Got 0 sessions for read:user...
2023-08-10 18:59:49.158 [info] Getting sessions for user:email...
2023-08-10 18:59:49.158 [info] Got 1 sessions for user:email...
2023-08-10 18:59:49.440 [info] Getting sessions for user:email...
2023-08-10 18:59:49.440 [info] Got 1 sessions for user:email...
2023-08-10 18:59:49.451 [info] Getting sessions for all scopes...
2023-08-10 18:59:49.451 [info] Got 1 sessions for ...
2023-08-10 19:24:50.000 [info] Getting sessions for user:email...
2023-08-10 19:24:50.001 [info] Got 1 sessions for user:email...
2023-08-10 19:24:50.529 [info] Getting sessions for user:email...
2023-08-10 19:24:50.529 [info] Got 1 sessions for user:email...
2023-08-10 19:24:50.670 [info] Getting sessions for read:user...
2023-08-10 19:24:50.670 [info] Got 0 sessions for read:user...
2023-08-10 19:24:50.672 [info] Getting sessions for user:email...
2023-08-10 19:24:50.673 [info] Got 1 sessions for user:email...
2023-08-10 19:49:50.530 [info] Getting sessions for user:email...
2023-08-10 19:49:50.530 [info] Got 1 sessions for user:email...
2023-08-10 19:49:51.053 [info] Getting sessions for user:email...
2023-08-10 19:49:51.053 [info] Got 1 sessions for user:email...
2023-08-10 19:49:51.168 [info] Getting sessions for read:user...
2023-08-10 19:49:51.168 [info] Got 0 sessions for read:user...
2023-08-10 19:49:51.170 [info] Getting sessions for user:email...
2023-08-10 19:49:51.170 [info] Got 1 sessions for user:email...
2023-08-10 20:14:51.110 [info] Getting sessions for user:email...
2023-08-10 20:14:51.111 [info] Got 1 sessions for user:email...
2023-08-10 20:14:51.633 [info] Getting sessions for user:email...
2023-08-10 20:14:51.633 [info] Got 1 sessions for user:email...
2023-08-10 20:14:51.684 [info] Getting sessions for read:user...
2023-08-10 20:14:51.684 [info] Got 0 sessions for read:user...
2023-08-10 20:14:51.694 [info] Getting sessions for user:email...
2023-08-10 20:14:51.694 [info] Got 1 sessions for user:email...
2023-08-10 22:59:35.780 [info] Getting sessions for user:email...
2023-08-10 22:59:35.780 [info] Got 1 sessions for user:email...
2023-08-10 22:59:36.285 [info] Getting sessions for user:email...
2023-08-10 22:59:36.285 [info] Got 1 sessions for user:email...
2023-08-10 22:59:36.355 [info] Getting sessions for read:user...
2023-08-10 22:59:36.355 [info] Got 0 sessions for read:user...
2023-08-10 22:59:36.359 [info] Getting sessions for user:email...
2023-08-10 22:59:36.359 [info] Got 1 sessions for user:email...
